{"numFailedTestSuites":18,"numFailedTests":50,"numPassedTestSuites":81,"numPassedTests":300,"numPendingTestSuites":0,"numPendingTests":0,"numRuntimeErrorTestSuites":0,"numTodoTests":0,"numTotalTestSuites":99,"numTotalTests":350,"openHandles":[],"snapshot":{"added":0,"didUpdate":false,"failure":false,"filesAdded":0,"filesRemoved":0,"filesRemovedList":[],"filesUnmatched":0,"filesUpdated":0,"matched":0,"total":0,"unchecked":0,"uncheckedKeysByFile":[],"unmatched":0,"updated":0},"startTime":1786878342713,"success":false,"testResults":[{"assertionResults":[{"ancestorTitles":["E11.4 — Test E2E del Puente IPC (Correlación y Ciclo de vida)"],"duration":5580,"failureDetails":[{"matcherResult":{"actual":false,"expected":true,"message":"\u001b[2mexpect(\u001b[22m\u001b[31mreceived\u001b[39m\u001b[2m).\u001b[22mtoBe\u001b[2m(\u001b[22m\u001b[32mexpected\u001b[39m\u001b[2m) // Object.is equality\u001b[22m\n\nExpected: \u001b[32mtrue\u001b[39m\nReceived: \u001b[31mfalse\u001b[39m","name":"toBe","pass":false}}],"failureMessages":["Error: \u001b[2mexpect(\u001b[22m\u001b[31mreceived\u001b[39m\u001b[2m).\u001b[22mtoBe\u001b[2m(\u001b[22m\u001b[32mexpected\u001b[39m\u001b[2m) // Object.is equality\u001b[22m\n\nExpected: \u001b[32mtrue\u001b[39m\nReceived: \u001b[31mfalse\u001b[39m\n    at Object.toBe (H:\\LexDigital\\Recursos\\AUTOMATIZAR INDESIGN\\proyecto-lexdigital_modular\\test\\fixtures\\integration\\ipc-211.e2e.test.js:92:31)"],"fullName":"E11.4 — Test E2E del Puente IPC (Correlación y Ciclo de vida) A. Camino Feliz: debe procesar una petición IPC real, retornar respuesta correlacionada y auto-limpiarse","invocations":1,"location":null,"numPassingAsserts":0,"retryReasons":[],"status":"failed","title":"A. Camino Feliz: debe procesar una petición IPC real, retornar respuesta correlacionada y auto-limpiarse"},{"ancestorTitles":["E11.4 — Test E2E del Puente IPC (Correlación y Ciclo de vida)"],"duration":5573,"failureDetails":[{"matcherResult":{"actual":false,"expected":true,"message":"\u001b[2mexpect(\u001b[22m\u001b[31mreceived\u001b[39m\u001b[2m).\u001b[22mtoBe\u001b[2m(\u001b[22m\u001b[32mexpected\u001b[39m\u001b[2m) // Object.is equality\u001b[22m\n\nExpected: \u001b[32mtrue\u001b[39m\nReceived: \u001b[31mfalse\u001b[39m","name":"toBe","pass":false}}],"failureMessages":["Error: \u001b[2mexpect(\u001b[22m\u001b[31mreceived\u001b[39m\u001b[2m).\u001b[22mtoBe\u001b[2m(\u001b[22m\u001b[32mexpected\u001b[39m\u001b[2m) // Object.is equality\u001b[22m\n\nExpected: \u001b[32mtrue\u001b[39m\nReceived: \u001b[31mfalse\u001b[39m\n    at Object.toBe (H:\\LexDigital\\Recursos\\AUTOMATIZAR INDESIGN\\proyecto-lexdigital_modular\\test\\fixtures\\integration\\ipc-211.e2e.test.js:155:31)"],"fullName":"E11.4 — Test E2E del Puente IPC (Correlación y Ciclo de vida) B. Camino de Error: debe capturar excepciones, retornar success=false y auto-limpiarse","invocations":1,"location":null,"numPassingAsserts":0,"retryReasons":[],"status":"failed","title":"B. Camino de Error: debe capturar excepciones, retornar success=false y auto-limpiarse"}],"endTime":1786878355022,"message":"\u001b[1m\u001b[31m  \u001b[1m● \u001b[22m\u001b[1mE11.4 — Test E2E del Puente IPC (Correlación y Ciclo de vida) › A. Camino Feliz: debe procesar una petición IPC real, retornar respuesta correlacionada y auto-limpiarse\u001b[39m\u001b[22m\n\n    \u001b[2mexpect(\u001b[22m\u001b[31mreceived\u001b[39m\u001b[2m).\u001b[22mtoBe\u001b[2m(\u001b[22m\u001b[32mexpected\u001b[39m\u001b[2m) // Object.is equality\u001b[22m\n\n    Expected: \u001b[32mtrue\u001b[39m\n    Received: \u001b[31mfalse\u001b[39m\n\u001b[2m\u001b[22m\n\u001b[2m    \u001b[0m \u001b[90m 90 |\u001b[39m\u001b[22m\n\u001b[2m     \u001b[90m 91 |\u001b[39m         \u001b[90m// 1. Transporte: La respuesta llegó antes del timeout\u001b[39m\u001b[22m\n\u001b[2m    \u001b[31m\u001b[1m>\u001b[22m\u001b[2m\u001b[39m\u001b[90m 92 |\u001b[39m         expect(responseFound)\u001b[33m.\u001b[39mtoBe(\u001b[36mtrue\u001b[39m)\u001b[33m;\u001b[39m\u001b[22m\n\u001b[2m     \u001b[90m    |\u001b[39m                               \u001b[31m\u001b[1m^\u001b[22m\u001b[2m\u001b[39m\u001b[22m\n\u001b[2m     \u001b[90m 93 |\u001b[39m         \u001b[22m\n\u001b[2m     \u001b[90m 94 |\u001b[39m         \u001b[90m// 2. Correlación: El requestId devuelto coincide exactamente con el enviado\u001b[39m\u001b[22m\n\u001b[2m     \u001b[90m 95 |\u001b[39m         expect(responseContent\u001b[33m.\u001b[39mrequestId)\u001b[33m.\u001b[39mtoBe(requestId)\u001b[33m;\u001b[39m\u001b[0m\u001b[22m\n\u001b[2m\u001b[22m\n\u001b[2m      \u001b[2mat Object.toBe (\u001b[22m\u001b[2m\u001b[0m\u001b[36mtest/fixtures/integration/ipc-211.e2e.test.js\u001b[39m\u001b[0m\u001b[2m:92:31)\u001b[22m\u001b[2m\u001b[22m\n\n\u001b[1m\u001b[31m  \u001b[1m● \u001b[22m\u001b[1mE11.4 — Test E2E del Puente IPC (Correlación y Ciclo de vida) › B. Camino de Error: debe capturar excepciones, retornar success=false y auto-limpiarse\u001b[39m\u001b[22m\n\n    \u001b[2mexpect(\u001b[22m\u001b[31mreceived\u001b[39m\u001b[2m).\u001b[22mtoBe\u001b[2m(\u001b[22m\u001b[32mexpected\u001b[39m\u001b[2m) // Object.is equality\u001b[22m\n\n    Expected: \u001b[32mtrue\u001b[39m\n    Received: \u001b[31mfalse\u001b[39m\n\u001b[2m\u001b[22m\n\u001b[2m    \u001b[0m \u001b[90m 153 |\u001b[39m\u001b[22m\n\u001b[2m     \u001b[90m 154 |\u001b[39m         \u001b[90m// 1. Transporte: La respuesta de error llegó antes del timeout\u001b[39m\u001b[22m\n\u001b[2m    \u001b[31m\u001b[1m>\u001b[22m\u001b[2m\u001b[39m\u001b[90m 155 |\u001b[39m         expect(responseFound)\u001b[33m.\u001b[39mtoBe(\u001b[36mtrue\u001b[39m)\u001b[33m;\u001b[39m\u001b[22m\n\u001b[2m     \u001b[90m     |\u001b[39m                               \u001b[31m\u001b[1m^\u001b[22m\u001b[2m\u001b[39m\u001b[22m\n\u001b[2m     \u001b[90m 156 |\u001b[39m         \u001b[22m\n\u001b[2m     \u001b[90m 157 |\u001b[39m         \u001b[90m// 2. Correlación: El requestId del error coincide exactamente con el enviado\u001b[39m\u001b[22m\n\u001b[2m     \u001b[90m 158 |\u001b[39m         expect(responseContent\u001b[33m.\u001b[39mrequestId)\u001b[33m.\u001b[39mtoBe(errorRequestId)\u001b[33m;\u001b[39m\u001b[0m\u001b[22m\n\u001b[2m\u001b[22m\n\u001b[2m      \u001b[2mat Object.toBe (\u001b[22m\u001b[2m\u001b[0m\u001b[36mtest/fixtures/integration/ipc-211.e2e.test.js\u001b[39m\u001b[0m\u001b[2m:155:31)\u001b[22m\u001b[2m\u001b[22m\n","name":"H:\\LexDigital\\Recursos\\AUTOMATIZAR INDESIGN\\proyecto-lexdigital_modular\\test\\fixtures\\integration\\ipc-211.e2e.test.js","startTime":1786878342785,"status":"failed","summary":""},{"assertionResults":[{"ancestorTitles":["E12.6-C — Contrato Final de Frecuencias y Orquestación (Fragmento-211)"],"duration":3,"failureDetails":[],"failureMessages":[],"fullName":"E12.6-C — Contrato Final de Frecuencias y Orquestación (Fragmento-211) C1: Inspección estructural del orquestador principal","invocations":1,"location":null,"numPassingAsserts":1,"retryReasons":[],"status":"passed","title":"C1: Inspección estructural del orquestador principal"},{"ancestorTitles":["E12.6-C — Contrato Final de Frecuencias y Orquestación (Fragmento-211)"],"duration":148,"failureDetails":[],"failureMessages":[],"fullName":"E12.6-C — Contrato Final de Frecuencias y Orquestación (Fragmento-211) C2: Compilación real a través del pipeline productivo","invocations":1,"location":null,"numPassingAsserts":0,"retryReasons":[],"status":"passed","title":"C2: Compilación real a través del pipeline productivo"},{"ancestorTitles":["E12.6-C — Contrato Final de Frecuencias y Orquestación (Fragmento-211)"],"duration":3,"failureDetails":[{"matcherResult":{"actual":0,"expected":125,"message":"\u001b[2mexpect(\u001b[22m\u001b[31mreceived\u001b[39m\u001b[2m).\u001b[22mtoBe\u001b[2m(\u001b[22m\u001b[32mexpected\u001b[39m\u001b[2m) // Object.is equality\u001b[22m\n\nExpected: \u001b[32m125\u001b[39m\nReceived: \u001b[31m0\u001b[39m","name":"toBe","pass":false}}],"failureMessages":["Error: \u001b[2mexpect(\u001b[22m\u001b[31mreceived\u001b[39m\u001b[2m).\u001b[22mtoBe\u001b[2m(\u001b[22m\u001b[32mexpected\u001b[39m\u001b[2m) // Object.is equality\u001b[22m\n\nExpected: \u001b[32m125\u001b[39m\nReceived: \u001b[31m0\u001b[39m\n    at Object.toBe (H:\\LexDigital\\Recursos\\AUTOMATIZAR INDESIGN\\proyecto-lexdigital_modular\\test\\fixtures\\integration\\e12.6-c-orquestacion-contrato.test.js:97:40)\n    at Promise.then.completed (H:\\LexDigital\\Recursos\\AUTOMATIZAR INDESIGN\\proyecto-lexdigital_modular\\node_modules\\jest-circus\\build\\utils.js:298:28)\n    at new Promise (<anonymous>)\n    at callAsyncCircusFn (H:\\LexDigital\\Recursos\\AUTOMATIZAR INDESIGN\\proyecto-lexdigital_modular\\node_modules\\jest-circus\\build\\utils.js:231:10)\n    at _callCircusTest (H:\\LexDigital\\Recursos\\AUTOMATIZAR INDESIGN\\proyecto-lexdigital_modular\\node_modules\\jest-circus\\build\\run.js:316:40)\n    at _runTest (H:\\LexDigital\\Recursos\\AUTOMATIZAR INDESIGN\\proyecto-lexdigital_modular\\node_modules\\jest-circus\\build\\run.js:252:3)\n    at _runTestsForDescribeBlock (H:\\LexDigital\\Recursos\\AUTOMATIZAR INDESIGN\\proyecto-lexdigital_modular\\node_modules\\jest-circus\\build\\run.js:126:9)\n    at _runTestsForDescribeBlock (H:\\LexDigital\\Recursos\\AUTOMATIZAR INDESIGN\\proyecto-lexdigital_modular\\node_modules\\jest-circus\\build\\run.js:121:9)\n    at run (H:\\LexDigital\\Recursos\\AUTOMATIZAR INDESIGN\\proyecto-lexdigital_modular\\node_modules\\jest-circus\\build\\run.js:71:3)\n    at runAndTransformResultsToJestFormat (H:\\LexDigital\\Recursos\\AUTOMATIZAR INDESIGN\\proyecto-lexdigital_modular\\node_modules\\jest-circus\\build\\legacy-code-todo-rewrite\\jestAdapterInit.js:122:21)\n    at jestAdapter (H:\\LexDigital\\Recursos\\AUTOMATIZAR INDESIGN\\proyecto-lexdigital_modular\\node_modules\\jest-circus\\build\\legacy-code-todo-rewrite\\jestAdapter.js:79:19)\n    at runTestInternal (H:\\LexDigital\\Recursos\\AUTOMATIZAR INDESIGN\\proyecto-lexdigital_modular\\node_modules\\jest-runner\\build\\runTest.js:367:16)\n    at runTest (H:\\LexDigital\\Recursos\\AUTOMATIZAR INDESIGN\\proyecto-lexdigital_modular\\node_modules\\jest-runner\\build\\runTest.js:444:34)"],"fullName":"E12.6-C — Contrato Final de Frecuencias y Orquestación (Fragmento-211) C3: Invariantes Semánticas (El orquestador preserva E12.2)","invocations":1,"location":null,"numPassingAsserts":0,"retryReasons":[],"status":"failed","title":"C3: Invariantes Semánticas (El orquestador preserva E12.2)"},{"ancestorTitles":["E12.6-C — Contrato Final de Frecuencias y Orquestación (Fragmento-211)"],"duration":1,"failureDetails":[{"matcherResult":{"actual":0,"expected":194,"message":"\u001b[2mexpect(\u001b[22m\u001b[31mreceived\u001b[39m\u001b[2m).\u001b[22mtoBe\u001b[2m(\u001b[22m\u001b[32mexpected\u001b[39m\u001b[2m) // Object.is equality\u001b[22m\n\nExpected: \u001b[32m194\u001b[39m\nReceived: \u001b[31m0\u001b[39m","name":"toBe","pass":false}}],"failureMessages":["Error: \u001b[2mexpect(\u001b[22m\u001b[31mreceived\u001b[39m\u001b[2m).\u001b[22mtoBe\u001b[2m(\u001b[22m\u001b[32mexpected\u001b[39m\u001b[2m) // Object.is equality\u001b[22m\n\nExpected: \u001b[32m194\u001b[39m\nReceived: \u001b[31m0\u001b[39m\n    at Object.toBe (H:\\LexDigital\\Recursos\\AUTOMATIZAR INDESIGN\\proyecto-lexdigital_modular\\test\\fixtures\\integration\\e12.6-c-orquestacion-contrato.test.js:104:50)\n    at Promise.then.completed (H:\\LexDigital\\Recursos\\AUTOMATIZAR INDESIGN\\proyecto-lexdigital_modular\\node_modules\\jest-circus\\build\\utils.js:298:28)\n    at new Promise (<anonymous>)\n    at callAsyncCircusFn (H:\\LexDigital\\Recursos\\AUTOMATIZAR INDESIGN\\proyecto-lexdigital_modular\\node_modules\\jest-circus\\build\\utils.js:231:10)\n    at _callCircusTest (H:\\LexDigital\\Recursos\\AUTOMATIZAR INDESIGN\\proyecto-lexdigital_modular\\node_modules\\jest-circus\\build\\run.js:316:40)\n    at _runTest (H:\\LexDigital\\Recursos\\AUTOMATIZAR INDESIGN\\proyecto-lexdigital_modular\\node_modules\\jest-circus\\build\\run.js:252:3)\n    at _runTestsForDescribeBlock (H:\\LexDigital\\Recursos\\AUTOMATIZAR INDESIGN\\proyecto-lexdigital_modular\\node_modules\\jest-circus\\build\\run.js:126:9)\n    at _runTestsForDescribeBlock (H:\\LexDigital\\Recursos\\AUTOMATIZAR INDESIGN\\proyecto-lexdigital_modular\\node_modules\\jest-circus\\build\\run.js:121:9)\n    at run (H:\\LexDigital\\Recursos\\AUTOMATIZAR INDESIGN\\proyecto-lexdigital_modular\\node_modules\\jest-circus\\build\\run.js:71:3)\n    at runAndTransformResultsToJestFormat (H:\\LexDigital\\Recursos\\AUTOMATIZAR INDESIGN\\proyecto-lexdigital_modular\\node_modules\\jest-circus\\build\\legacy-code-todo-rewrite\\jestAdapterInit.js:122:21)\n    at jestAdapter (H:\\LexDigital\\Recursos\\AUTOMATIZAR INDESIGN\\proyecto-lexdigital_modular\\node_modules\\jest-circus\\build\\legacy-code-todo-rewrite\\jestAdapter.js:79:19)\n    at runTestInternal (H:\\LexDigital\\Recursos\\AUTOMATIZAR INDESIGN\\proyecto-lexdigital_modular\\node_modules\\jest-runner\\build\\runTest.js:367:16)\n    at runTest (H:\\LexDigital\\Recursos\\AUTOMATIZAR INDESIGN\\proyecto-lexdigital_modular\\node_modules\\jest-runner\\build\\runTest.js:444:34)"],"fullName":"E12.6-C — Contrato Final de Frecuencias y Orquestación (Fragmento-211) C4: Invariantes de Presentación (Empíricas del Fixture 211)","invocations":1,"location":null,"numPassingAsserts":0,"retryReasons":[],"status":"failed","title":"C4: Invariantes de Presentación (Empíricas del Fixture 211)"},{"ancestorTitles":["E12.6-C — Contrato Final de Frecuencias y Orquestación (Fragmento-211)"],"duration":1,"failureDetails":[{"matcherResult":{"actual":0,"expected":208,"message":"\u001b[2mexpect(\u001b[22m\u001b[31mreceived\u001b[39m\u001b[2m).\u001b[22mtoBe\u001b[2m(\u001b[22m\u001b[32mexpected\u001b[39m\u001b[2m) // Object.is equality\u001b[22m\n\nExpected: \u001b[32m208\u001b[39m\nReceived: \u001b[31m0\u001b[39m","name":"toBe","pass":false}}],"failureMessages":["Error: \u001b[2mexpect(\u001b[22m\u001b[31mreceived\u001b[39m\u001b[2m).\u001b[22mtoBe\u001b[2m(\u001b[22m\u001b[32mexpected\u001b[39m\u001b[2m) // Object.is equality\u001b[22m\n\nExpected: \u001b[32m208\u001b[39m\nReceived: \u001b[31m0\u001b[39m\n    at Object.toBe (H:\\LexDigital\\Recursos\\AUTOMATIZAR INDESIGN\\proyecto-lexdigital_modular\\test\\fixtures\\integration\\e12.6-c-orquestacion-contrato.test.js:112:30)\n    at Promise.then.completed (H:\\LexDigital\\Recursos\\AUTOMATIZAR INDESIGN\\proyecto-lexdigital_modular\\node_modules\\jest-circus\\build\\utils.js:298:28)\n    at new Promise (<anonymous>)\n    at callAsyncCircusFn (H:\\LexDigital\\Recursos\\AUTOMATIZAR INDESIGN\\proyecto-lexdigital_modular\\node_modules\\jest-circus\\build\\utils.js:231:10)\n    at _callCircusTest (H:\\LexDigital\\Recursos\\AUTOMATIZAR INDESIGN\\proyecto-lexdigital_modular\\node_modules\\jest-circus\\build\\run.js:316:40)\n    at _runTest (H:\\LexDigital\\Recursos\\AUTOMATIZAR INDESIGN\\proyecto-lexdigital_modular\\node_modules\\jest-circus\\build\\run.js:252:3)\n    at _runTestsForDescribeBlock (H:\\LexDigital\\Recursos\\AUTOMATIZAR INDESIGN\\proyecto-lexdigital_modular\\node_modules\\jest-circus\\build\\run.js:126:9)\n    at _runTestsForDescribeBlock (H:\\LexDigital\\Recursos\\AUTOMATIZAR INDESIGN\\proyecto-lexdigital_modular\\node_modules\\jest-circus\\build\\run.js:121:9)\n    at run (H:\\LexDigital\\Recursos\\AUTOMATIZAR INDESIGN\\proyecto-lexdigital_modular\\node_modules\\jest-circus\\build\\run.js:71:3)\n    at runAndTransformResultsToJestFormat (H:\\LexDigital\\Recursos\\AUTOMATIZAR INDESIGN\\proyecto-lexdigital_modular\\node_modules\\jest-circus\\build\\legacy-code-todo-rewrite\\jestAdapterInit.js:122:21)\n    at jestAdapter (H:\\LexDigital\\Recursos\\AUTOMATIZAR INDESIGN\\proyecto-lexdigital_modular\\node_modules\\jest-circus\\build\\legacy-code-todo-rewrite\\jestAdapter.js:79:19)\n    at runTestInternal (H:\\LexDigital\\Recursos\\AUTOMATIZAR INDESIGN\\proyecto-lexdigital_modular\\node_modules\\jest-runner\\build\\runTest.js:367:16)\n    at runTest (H:\\LexDigital\\Recursos\\AUTOMATIZAR INDESIGN\\proyecto-lexdigital_modular\\node_modules\\jest-runner\\build\\runTest.js:444:34)"],"fullName":"E12.6-C — Contrato Final de Frecuencias y Orquestación (Fragmento-211) C5: Cobertura Semántica Total (Todos los nodos asumen una clase legal combinada)","invocations":1,"location":null,"numPassingAsserts":0,"retryReasons":[],"status":"failed","title":"C5: Cobertura Semántica Total (Todos los nodos asumen una clase legal combinada)"}],"endTime":1786878356740,"message":"\u001b[1m\u001b[31m  \u001b[1m● \u001b[22m\u001b[1mE12.6-C — Contrato Final de Frecuencias y Orquestación (Fragmento-211) › C3: Invariantes Semánticas (El orquestador preserva E12.2)\u001b[39m\u001b[22m\n\n    \u001b[2mexpect(\u001b[22m\u001b[31mreceived\u001b[39m\u001b[2m).\u001b[22mtoBe\u001b[2m(\u001b[22m\u001b[32mexpected\u001b[39m\u001b[2m) // Object.is equality\u001b[22m\n\n    Expected: \u001b[32m125\u001b[39m\n    Received: \u001b[31m0\u001b[39m\n\u001b[2m\u001b[22m\n\u001b[2m    \u001b[0m \u001b[90m  95 |\u001b[39m\u001b[22m\n\u001b[2m     \u001b[90m  96 |\u001b[39m     test(\u001b[32m'C3: Invariantes Semánticas (El orquestador preserva E12.2)'\u001b[39m\u001b[33m,\u001b[39m () \u001b[33m=>\u001b[39m {\u001b[22m\n\u001b[2m    \u001b[31m\u001b[1m>\u001b[22m\u001b[2m\u001b[39m\u001b[90m  97 |\u001b[39m         expect(semantica\u001b[33m.\u001b[39mtexto_cuerpo)\u001b[33m.\u001b[39mtoBe(\u001b[35m125\u001b[39m)\u001b[33m;\u001b[39m\u001b[22m\n\u001b[2m     \u001b[90m     |\u001b[39m                                        \u001b[31m\u001b[1m^\u001b[22m\u001b[2m\u001b[39m\u001b[22m\n\u001b[2m     \u001b[90m  98 |\u001b[39m         expect(semantica\u001b[33m.\u001b[39marticulo)\u001b[33m.\u001b[39mtoBe(\u001b[35m78\u001b[39m)\u001b[33m;\u001b[39m\u001b[22m\n\u001b[2m     \u001b[90m  99 |\u001b[39m         expect(semantica\u001b[33m.\u001b[39mparagrafo_normativo)\u001b[33m.\u001b[39mtoBe(\u001b[35m3\u001b[39m)\u001b[33m;\u001b[39m\u001b[22m\n\u001b[2m     \u001b[90m 100 |\u001b[39m         expect(semantica\u001b[33m.\u001b[39mtitulo_parte)\u001b[33m.\u001b[39mtoBe(\u001b[35m2\u001b[39m)\u001b[33m;\u001b[39m\u001b[0m\u001b[22m\n\u001b[2m\u001b[22m\n\u001b[2m      \u001b[2mat Object.toBe (\u001b[22m\u001b[2m\u001b[0m\u001b[36mtest/fixtures/integration/e12.6-c-orquestacion-contrato.test.js\u001b[39m\u001b[0m\u001b[2m:97:40)\u001b[22m\u001b[2m\u001b[22m\n\n\u001b[1m\u001b[31m  \u001b[1m● \u001b[22m\u001b[1mE12.6-C — Contrato Final de Frecuencias y Orquestación (Fragmento-211) › C4: Invariantes de Presentación (Empíricas del Fixture 211)\u001b[39m\u001b[22m\n\n    \u001b[2mexpect(\u001b[22m\u001b[31mreceived\u001b[39m\u001b[2m).\u001b[22mtoBe\u001b[2m(\u001b[22m\u001b[32mexpected\u001b[39m\u001b[2m) // Object.is equality\u001b[22m\n\n    Expected: \u001b[32m194\u001b[39m\n    Received: \u001b[31m0\u001b[39m\n\u001b[2m\u001b[22m\n\u001b[2m    \u001b[0m \u001b[90m 102 |\u001b[39m\u001b[22m\n\u001b[2m     \u001b[90m 103 |\u001b[39m     test(\u001b[32m'C4: Invariantes de Presentación (Empíricas del Fixture 211)'\u001b[39m\u001b[33m,\u001b[39m () \u001b[33m=>\u001b[39m {\u001b[22m\n\u001b[2m    \u001b[31m\u001b[1m>\u001b[22m\u001b[2m\u001b[39m\u001b[90m 104 |\u001b[39m         expect(presentacion[\u001b[32m'cuerpo-siguiente'\u001b[39m])\u001b[33m.\u001b[39mtoBe(\u001b[35m194\u001b[39m)\u001b[33m;\u001b[39m\u001b[22m\n\u001b[2m     \u001b[90m     |\u001b[39m                                                  \u001b[31m\u001b[1m^\u001b[22m\u001b[2m\u001b[39m\u001b[22m\n\u001b[2m     \u001b[90m 105 |\u001b[39m         expect(presentacion[\u001b[32m'sangria-n1'\u001b[39m])\u001b[33m.\u001b[39mtoBe(\u001b[35m8\u001b[39m)\u001b[33m;\u001b[39m\u001b[22m\n\u001b[2m     \u001b[90m 106 |\u001b[39m         expect(presentacion[\u001b[32m'p02-title-main'\u001b[39m])\u001b[33m.\u001b[39mtoBe(\u001b[35m2\u001b[39m)\u001b[33m;\u001b[39m\u001b[22m\n\u001b[2m     \u001b[90m 107 |\u001b[39m         expect(presentacion[\u001b[32m'titulo'\u001b[39m])\u001b[33m.\u001b[39mtoBe(\u001b[35m2\u001b[39m)\u001b[33m;\u001b[39m\u001b[0m\u001b[22m\n\u001b[2m\u001b[22m\n\u001b[2m      \u001b[2mat Object.toBe (\u001b[22m\u001b[2m\u001b[0m\u001b[36mtest/fixtures/integration/e12.6-c-orquestacion-contrato.test.js\u001b[39m\u001b[0m\u001b[2m:104:50)\u001b[22m\u001b[2m\u001b[22m\n\n\u001b[1m\u001b[31m  \u001b[1m● \u001b[22m\u001b[1mE12.6-C — Contrato Final de Frecuencias y Orquestación (Fragmento-211) › C5: Cobertura Semántica Total (Todos los nodos asumen una clase legal combinada)\u001b[39m\u001b[22m\n\n    \u001b[2mexpect(\u001b[22m\u001b[31mreceived\u001b[39m\u001b[2m).\u001b[22mtoBe\u001b[2m(\u001b[22m\u001b[32mexpected\u001b[39m\u001b[2m) // Object.is equality\u001b[22m\n\n    Expected: \u001b[32m208\u001b[39m\n    Received: \u001b[31m0\u001b[39m\n\u001b[2m\u001b[22m\n\u001b[2m    \u001b[0m \u001b[90m 110 |\u001b[39m\u001b[22m\n\u001b[2m     \u001b[90m 111 |\u001b[39m     test(\u001b[32m'C5: Cobertura Semántica Total (Todos los nodos asumen una clase legal combinada)'\u001b[39m\u001b[33m,\u001b[39m () \u001b[33m=>\u001b[39m {\u001b[22m\n\u001b[2m    \u001b[31m\u001b[1m>\u001b[22m\u001b[2m\u001b[39m\u001b[90m 112 |\u001b[39m         expect(nodosValidos)\u001b[33m.\u001b[39mtoBe(\u001b[35m208\u001b[39m)\u001b[33m;\u001b[39m\u001b[22m\n\u001b[2m     \u001b[90m     |\u001b[39m                              \u001b[31m\u001b[1m^\u001b[22m\u001b[2m\u001b[39m\u001b[22m\n\u001b[2m     \u001b[90m 113 |\u001b[39m     })\u001b[33m;\u001b[39m\u001b[22m\n\u001b[2m     \u001b[90m 114 |\u001b[39m })\u001b[33m;\u001b[39m\u001b[0m\u001b[22m\n\u001b[2m\u001b[22m\n\u001b[2m      \u001b[2mat Object.toBe (\u001b[22m\u001b[2m\u001b[0m\u001b[36mtest/fixtures/integration/e12.6-c-orquestacion-contrato.test.js\u001b[39m\u001b[0m\u001b[2m:112:30)\u001b[22m\u001b[2m\u001b[22m\n","name":"H:\\LexDigital\\Recursos\\AUTOMATIZAR INDESIGN\\proyecto-lexdigital_modular\\test\\fixtures\\integration\\e12.6-c-orquestacion-contrato.test.js","startTime":1786878355051,"status":"failed","summary":""},{"assertionResults":[{"ancestorTitles":["E12.6-C.11 — Contrato Normativo de Resolución de Estilos (Diagnóstico Agrupado)"],"duration":182,"failureDetails":[{"matcherResult":{"actual":562,"expected":0,"message":"\u001b[2mexpect(\u001b[22m\u001b[31mreceived\u001b[39m\u001b[2m).\u001b[22mtoBe\u001b[2m(\u001b[22m\u001b[32mexpected\u001b[39m\u001b[2m) // Object.is equality\u001b[22m\n\nExpected: \u001b[32m0\u001b[39m\nReceived: \u001b[31m562\u001b[39m","name":"toBe","pass":false}}],"failureMessages":["Error: \u001b[2mexpect(\u001b[22m\u001b[31mreceived\u001b[39m\u001b[2m).\u001b[22mtoBe\u001b[2m(\u001b[22m\u001b[32mexpected\u001b[39m\u001b[2m) // Object.is equality\u001b[22m\n\nExpected: \u001b[32m0\u001b[39m\nReceived: \u001b[31m562\u001b[39m\n    at Object.toBe (H:\\LexDigital\\Recursos\\AUTOMATIZAR INDESIGN\\proyecto-lexdigital_modular\\test\\fixtures\\integration\\e12.6-c11-contrato-resolver.test.js:89:34)\n    at Promise.then.completed (H:\\LexDigital\\Recursos\\AUTOMATIZAR INDESIGN\\proyecto-lexdigital_modular\\node_modules\\jest-circus\\build\\utils.js:298:28)\n    at new Promise (<anonymous>)\n    at callAsyncCircusFn (H:\\LexDigital\\Recursos\\AUTOMATIZAR INDESIGN\\proyecto-lexdigital_modular\\node_modules\\jest-circus\\build\\utils.js:231:10)\n    at _callCircusTest (H:\\LexDigital\\Recursos\\AUTOMATIZAR INDESIGN\\proyecto-lexdigital_modular\\node_modules\\jest-circus\\build\\run.js:316:40)\n    at _runTest (H:\\LexDigital\\Recursos\\AUTOMATIZAR INDESIGN\\proyecto-lexdigital_modular\\node_modules\\jest-circus\\build\\run.js:252:3)\n    at _runTestsForDescribeBlock (H:\\LexDigital\\Recursos\\AUTOMATIZAR INDESIGN\\proyecto-lexdigital_modular\\node_modules\\jest-circus\\build\\run.js:126:9)\n    at _runTestsForDescribeBlock (H:\\LexDigital\\Recursos\\AUTOMATIZAR INDESIGN\\proyecto-lexdigital_modular\\node_modules\\jest-circus\\build\\run.js:121:9)\n    at run (H:\\LexDigital\\Recursos\\AUTOMATIZAR INDESIGN\\proyecto-lexdigital_modular\\node_modules\\jest-circus\\build\\run.js:71:3)\n    at runAndTransformResultsToJestFormat (H:\\LexDigital\\Recursos\\AUTOMATIZAR INDESIGN\\proyecto-lexdigital_modular\\node_modules\\jest-circus\\build\\legacy-code-todo-rewrite\\jestAdapterInit.js:122:21)\n    at jestAdapter (H:\\LexDigital\\Recursos\\AUTOMATIZAR INDESIGN\\proyecto-lexdigital_modular\\node_modules\\jest-circus\\build\\legacy-code-todo-rewrite\\jestAdapter.js:79:19)\n    at runTestInternal (H:\\LexDigital\\Recursos\\AUTOMATIZAR INDESIGN\\proyecto-lexdigital_modular\\node_modules\\jest-runner\\build\\runTest.js:367:16)\n    at runTest (H:\\LexDigital\\Recursos\\AUTOMATIZAR INDESIGN\\proyecto-lexdigital_modular\\node_modules\\jest-runner\\build\\runTest.js:444:34)"],"fullName":"E12.6-C.11 — Contrato Normativo de Resolución de Estilos (Diagnóstico Agrupado) Matriz de conteo y colisión por Estilo AST vs Clase XHTML","invocations":1,"location":null,"numPassingAsserts":0,"retryReasons":[],"status":"failed","title":"Matriz de conteo y colisión por Estilo AST vs Clase XHTML"}],"endTime":1786878357699,"message":"\u001b[1m\u001b[31m  \u001b[1m● \u001b[22m\u001b[1mE12.6-C.11 — Contrato Normativo de Resolución de Estilos (Diagnóstico Agrupado) › Matriz de conteo y colisión por Estilo AST vs Clase XHTML\u001b[39m\u001b[22m\n\n    \u001b[2mexpect(\u001b[22m\u001b[31mreceived\u001b[39m\u001b[2m).\u001b[22mtoBe\u001b[2m(\u001b[22m\u001b[32mexpected\u001b[39m\u001b[2m) // Object.is equality\u001b[22m\n\n    Expected: \u001b[32m0\u001b[39m\n    Received: \u001b[31m562\u001b[39m\n\u001b[2m\u001b[22m\n\u001b[2m    \u001b[0m \u001b[90m 87 |\u001b[39m\u001b[22m\n\u001b[2m     \u001b[90m 88 |\u001b[39m         \u001b[90m// Estado RED deliberado hasta construir el StyleIdentityResolver\u001b[39m\u001b[22m\n\u001b[2m    \u001b[31m\u001b[1m>\u001b[22m\u001b[2m\u001b[39m\u001b[90m 89 |\u001b[39m         expect(totalViolaciones)\u001b[33m.\u001b[39mtoBe(\u001b[35m0\u001b[39m)\u001b[33m;\u001b[39m\u001b[22m\n\u001b[2m     \u001b[90m    |\u001b[39m                                  \u001b[31m\u001b[1m^\u001b[22m\u001b[2m\u001b[39m\u001b[22m\n\u001b[2m     \u001b[90m 90 |\u001b[39m     })\u001b[33m;\u001b[39m\u001b[22m\n\u001b[2m     \u001b[90m 91 |\u001b[39m\u001b[22m\n\u001b[2m     \u001b[90m 92 |\u001b[39m })\u001b[33m;\u001b[39m\u001b[0m\u001b[22m\n\u001b[2m\u001b[22m\n\u001b[2m      \u001b[2mat Object.toBe (\u001b[22m\u001b[2m\u001b[0m\u001b[36mtest/fixtures/integration/e12.6-c11-contrato-resolver.test.js\u001b[39m\u001b[0m\u001b[2m:89:34)\u001b[22m\u001b[2m\u001b[22m\n","name":"H:\\LexDigital\\Recursos\\AUTOMATIZAR INDESIGN\\proyecto-lexdigital_modular\\test\\fixtures\\integration\\e12.6-c11-contrato-resolver.test.js","startTime":1786878356753,"status":"failed","summary":""},{"assertionResults":[{"ancestorTitles":["E12.6-C.1 — Diagnóstico Puro de Población Canónica"],"duration":95,"failureDetails":[{"matcherResult":{"message":"\u001b[2mexpect(\u001b[22m\u001b[31mreceived\u001b[39m\u001b[2m).\u001b[22mtoBeGreaterThan\u001b[2m(\u001b[22m\u001b[32mexpected\u001b[39m\u001b[2m)\u001b[22m\n\nExpected: > \u001b[32m0\u001b[39m\nReceived:   \u001b[31m0\u001b[39m","pass":false}}],"failureMessages":["Error: \u001b[2mexpect(\u001b[22m\u001b[31mreceived\u001b[39m\u001b[2m).\u001b[22mtoBeGreaterThan\u001b[2m(\u001b[22m\u001b[32mexpected\u001b[39m\u001b[2m)\u001b[22m\n\nExpected: > \u001b[32m0\u001b[39m\nReceived:   \u001b[31m0\u001b[39m\n    at Object.toBeGreaterThan (H:\\LexDigital\\Recursos\\AUTOMATIZAR INDESIGN\\proyecto-lexdigital_modular\\test\\fixtures\\integration\\e12.6-c1-diagnostico.test.js:61:28)"],"fullName":"E12.6-C.1 — Diagnóstico Puro de Población Canónica Radiografía DOM: Frecuencia de Etiquetas y Clases","invocations":1,"location":null,"numPassingAsserts":0,"retryReasons":[],"status":"failed","title":"Radiografía DOM: Frecuencia de Etiquetas y Clases"}],"endTime":1786878358545,"message":"\u001b[1m\u001b[31m  \u001b[1m● \u001b[22m\u001b[1mE12.6-C.1 — Diagnóstico Puro de Población Canónica › Radiografía DOM: Frecuencia de Etiquetas y Clases\u001b[39m\u001b[22m\n\n    \u001b[2mexpect(\u001b[22m\u001b[31mreceived\u001b[39m\u001b[2m).\u001b[22mtoBeGreaterThan\u001b[2m(\u001b[22m\u001b[32mexpected\u001b[39m\u001b[2m)\u001b[22m\n\n    Expected: > \u001b[32m0\u001b[39m\n    Received:   \u001b[31m0\u001b[39m\n\u001b[2m\u001b[22m\n\u001b[2m    \u001b[0m \u001b[90m 59 |\u001b[39m\u001b[22m\n\u001b[2m     \u001b[90m 60 |\u001b[39m         \u001b[90m// Test dummy para que Jest no se queje\u001b[39m\u001b[22m\n\u001b[2m    \u001b[31m\u001b[1m>\u001b[22m\u001b[2m\u001b[39m\u001b[90m 61 |\u001b[39m         expect(totalNodos)\u001b[33m.\u001b[39mtoBeGreaterThan(\u001b[35m0\u001b[39m)\u001b[33m;\u001b[39m\u001b[22m\n\u001b[2m     \u001b[90m    |\u001b[39m                            \u001b[31m\u001b[1m^\u001b[22m\u001b[2m\u001b[39m\u001b[22m\n\u001b[2m     \u001b[90m 62 |\u001b[39m     })\u001b[33m;\u001b[39m\u001b[22m\n\u001b[2m     \u001b[90m 63 |\u001b[39m\u001b[22m\n\u001b[2m     \u001b[90m 64 |\u001b[39m })\u001b[33m;\u001b[39m\u001b[0m\u001b[22m\n\u001b[2m\u001b[22m\n\u001b[2m      \u001b[2mat Object.toBeGreaterThan (\u001b[22m\u001b[2m\u001b[0m\u001b[36mtest/fixtures/integration/e12.6-c1-diagnostico.test.js\u001b[39m\u001b[0m\u001b[2m:61:28)\u001b[22m\u001b[2m\u001b[22m\n","name":"H:\\LexDigital\\Recursos\\AUTOMATIZAR INDESIGN\\proyecto-lexdigital_modular\\test\\fixtures\\integration\\e12.6-c1-diagnostico.test.js","startTime":1786878357741,"status":"failed","summary":""},{"assertionResults":[{"ancestorTitles":["E12.6-C.45 — Contrato de Orquestación Modular (Fachada Pública)"],"duration":24,"failureDetails":[{"matcherResult":{"actual":"object","expected":"string","message":"\u001b[2mexpect(\u001b[22m\u001b[31mreceived\u001b[39m\u001b[2m).\u001b[22mtoBe\u001b[2m(\u001b[22m\u001b[32mexpected\u001b[39m\u001b[2m) // Object.is equality\u001b[22m\n\nExpected: \u001b[32m\"string\"\u001b[39m\nReceived: \u001b[31m\"object\"\u001b[39m","name":"toBe","pass":false}}],"failureMessages":["Error: \u001b[2mexpect(\u001b[22m\u001b[31mreceived\u001b[39m\u001b[2m).\u001b[22mtoBe\u001b[2m(\u001b[22m\u001b[32mexpected\u001b[39m\u001b[2m) // Object.is equality\u001b[22m\n\nExpected: \u001b[32m\"string\"\u001b[39m\nReceived: \u001b[31m\"object\"\u001b[39m\n    at Object.toBe (H:\\LexDigital\\Recursos\\AUTOMATIZAR INDESIGN\\proyecto-lexdigital_modular\\test\\integration\\e12.6-c45-orquestador-modular.test.js:28:35)\n    at Promise.then.completed (H:\\LexDigital\\Recursos\\AUTOMATIZAR INDESIGN\\proyecto-lexdigital_modular\\node_modules\\jest-circus\\build\\utils.js:298:28)\n    at new Promise (<anonymous>)\n    at callAsyncCircusFn (H:\\LexDigital\\Recursos\\AUTOMATIZAR INDESIGN\\proyecto-lexdigital_modular\\node_modules\\jest-circus\\build\\utils.js:231:10)\n    at _callCircusTest (H:\\LexDigital\\Recursos\\AUTOMATIZAR INDESIGN\\proyecto-lexdigital_modular\\node_modules\\jest-circus\\build\\run.js:316:40)\n    at _runTest (H:\\LexDigital\\Recursos\\AUTOMATIZAR INDESIGN\\proyecto-lexdigital_modular\\node_modules\\jest-circus\\build\\run.js:252:3)\n    at _runTestsForDescribeBlock (H:\\LexDigital\\Recursos\\AUTOMATIZAR INDESIGN\\proyecto-lexdigital_modular\\node_modules\\jest-circus\\build\\run.js:126:9)\n    at _runTestsForDescribeBlock (H:\\LexDigital\\Recursos\\AUTOMATIZAR INDESIGN\\proyecto-lexdigital_modular\\node_modules\\jest-circus\\build\\run.js:121:9)\n    at run (H:\\LexDigital\\Recursos\\AUTOMATIZAR INDESIGN\\proyecto-lexdigital_modular\\node_modules\\jest-circus\\build\\run.js:71:3)\n    at runAndTransformResultsToJestFormat (H:\\LexDigital\\Recursos\\AUTOMATIZAR INDESIGN\\proyecto-lexdigital_modular\\node_modules\\jest-circus\\build\\legacy-code-todo-rewrite\\jestAdapterInit.js:122:21)\n    at jestAdapter (H:\\LexDigital\\Recursos\\AUTOMATIZAR INDESIGN\\proyecto-lexdigital_modular\\node_modules\\jest-circus\\build\\legacy-code-todo-rewrite\\jestAdapter.js:79:19)\n    at runTestInternal (H:\\LexDigital\\Recursos\\AUTOMATIZAR INDESIGN\\proyecto-lexdigital_modular\\node_modules\\jest-runner\\build\\runTest.js:367:16)\n    at runTest (H:\\LexDigital\\Recursos\\AUTOMATIZAR INDESIGN\\proyecto-lexdigital_modular\\node_modules\\jest-runner\\build\\runTest.js:444:34)"],"fullName":"E12.6-C.45 — Contrato de Orquestación Modular (Fachada Pública) La fachada debe encadenar Adaptador, Compilador, Constructor y Ensamblador de forma transparente","invocations":1,"location":null,"numPassingAsserts":0,"retryReasons":[],"status":"failed","title":"La fachada debe encadenar Adaptador, Compilador, Constructor y Ensamblador de forma transparente"}],"endTime":1786878359340,"message":"\u001b[1m\u001b[31m  \u001b[1m● \u001b[22m\u001b[1mE12.6-C.45 — Contrato de Orquestación Modular (Fachada Pública) › La fachada debe encadenar Adaptador, Compilador, Constructor y Ensamblador de forma transparente\u001b[39m\u001b[22m\n\n    \u001b[2mexpect(\u001b[22m\u001b[31mreceived\u001b[39m\u001b[2m).\u001b[22mtoBe\u001b[2m(\u001b[22m\u001b[32mexpected\u001b[39m\u001b[2m) // Object.is equality\u001b[22m\n\n    Expected: \u001b[32m\"string\"\u001b[39m\n    Received: \u001b[31m\"object\"\u001b[39m\n\u001b[2m\u001b[22m\n\u001b[2m    \u001b[0m \u001b[90m 26 |\u001b[39m\u001b[22m\n\u001b[2m     \u001b[90m 27 |\u001b[39m         \u001b[90m// 3. Verificación Estructural (C.43 + C.44 heredados)\u001b[39m\u001b[22m\n\u001b[2m    \u001b[31m\u001b[1m>\u001b[22m\u001b[2m\u001b[39m\u001b[90m 28 |\u001b[39m         expect(\u001b[36mtypeof\u001b[39m xhtmlFinal)\u001b[33m.\u001b[39mtoBe(\u001b[32m'string'\u001b[39m)\u001b[33m;\u001b[39m\u001b[22m\n\u001b[2m     \u001b[90m    |\u001b[39m                                   \u001b[31m\u001b[1m^\u001b[22m\u001b[2m\u001b[39m\u001b[22m\n\u001b[2m     \u001b[90m 29 |\u001b[39m         \u001b[22m\n\u001b[2m     \u001b[90m 30 |\u001b[39m         \u001b[36mconst\u001b[39m dom \u001b[33m=\u001b[39m \u001b[36mnew\u001b[39m \u001b[33mJSDOM\u001b[39m(xhtmlFinal\u001b[33m,\u001b[39m { contentType\u001b[33m:\u001b[39m \u001b[32m'application/xhtml+xml'\u001b[39m })\u001b[33m;\u001b[39m\u001b[22m\n\u001b[2m     \u001b[90m 31 |\u001b[39m         \u001b[36mconst\u001b[39m doc \u001b[33m=\u001b[39m dom\u001b[33m.\u001b[39mwindow\u001b[33m.\u001b[39mdocument\u001b[33m;\u001b[39m\u001b[0m\u001b[22m\n\u001b[2m\u001b[22m\n\u001b[2m      \u001b[2mat Object.toBe (\u001b[22m\u001b[2m\u001b[0m\u001b[36mtest/integration/e12.6-c45-orquestador-modular.test.js\u001b[39m\u001b[0m\u001b[2m:28:35)\u001b[22m\u001b[2m\u001b[22m\n","name":"H:\\LexDigital\\Recursos\\AUTOMATIZAR INDESIGN\\proyecto-lexdigital_modular\\test\\integration\\e12.6-c45-orquestador-modular.test.js","startTime":1786878358564,"status":"failed","summary":""},{"assertionResults":[{"ancestorTitles":["PIPE-CONTRACT-001 Motor LexDigital"],"duration":15,"failureDetails":[],"failureMessages":[],"fullName":"PIPE-CONTRACT-001 Motor LexDigital Vector A: rechaza jsonCrudo cuando no es objeto","invocations":1,"location":null,"numPassingAsserts":1,"retryReasons":[],"status":"passed","title":"Vector A: rechaza jsonCrudo cuando no es objeto"},{"ancestorTitles":["PIPE-CONTRACT-001 Motor LexDigital"],"duration":1,"failureDetails":[],"failureMessages":[],"fullName":"PIPE-CONTRACT-001 Motor LexDigital Vector B: valida compatibilidad estructural del documento","invocations":1,"location":null,"numPassingAsserts":0,"retryReasons":[],"status":"passed","title":"Vector B: valida compatibilidad estructural del documento"},{"ancestorTitles":["PIPE-CONTRACT-001 Motor LexDigital"],"duration":2,"failureDetails":[],"failureMessages":[],"fullName":"PIPE-CONTRACT-001 Motor LexDigital Vector C: compila exitosamente con entrada válida","invocations":1,"location":null,"numPassingAsserts":2,"retryReasons":[],"status":"passed","title":"Vector C: compila exitosamente con entrada válida"},{"ancestorTitles":["PIPE-CONTRACT-002"],"duration":10,"failureDetails":[{"matcherResult":{"message":"\u001b[2mexpect(\u001b[22m\u001b[31mreceived\u001b[39m\u001b[2m).\u001b[22mrejects\u001b[2m.\u001b[22mtoThrow\u001b[2m(\u001b[22m\u001b[32mexpected\u001b[39m\u001b[2m)\u001b[22m\n\nExpected pattern: \u001b[32m/falta propiedad requerida \"documento\"/i\u001b[39m\nReceived message: \u001b[31m\"ERR_INVALID_INPUT: El jsonCrudo carece de una estructura semántica válida.\"\u001b[39m\n\n    \u001b[0m \u001b[90m 18 |\u001b[39m\n     \u001b[90m 19 |\u001b[39m     \u001b[36mif\u001b[39m (\u001b[33m!\u001b[39mjsonCrudo\u001b[33m.\u001b[39mtokens \u001b[33m&&\u001b[39m \u001b[33m!\u001b[39mjsonCrudo\u001b[33m.\u001b[39mcontenido \u001b[33m&&\u001b[39m \u001b[33m!\u001b[39mjsonCrudo\u001b[33m.\u001b[39mdocumento) {\n    \u001b[31m\u001b[1m>\u001b[22m\u001b[39m\u001b[90m 20 |\u001b[39m         \u001b[36mthrow\u001b[39m \u001b[36mnew\u001b[39m \u001b[33mError\u001b[39m(\u001b[32m\"ERR_INVALID_INPUT: El jsonCrudo carece de una estructura semántica válida.\"\u001b[39m)\u001b[33m;\u001b[39m\n     \u001b[90m    |\u001b[39m               \u001b[31m\u001b[1m^\u001b[22m\u001b[39m\n     \u001b[90m 21 |\u001b[39m     }\n     \u001b[90m 22 |\u001b[39m\n     \u001b[90m 23 |\u001b[39m     \u001b[36mconst\u001b[39m metricas \u001b[33m=\u001b[39m \u001b[36mnew\u001b[39m \u001b[33mMetricas\u001b[39m(\u001b[32m'Pipeline Modular'\u001b[39m)\u001b[33m;\u001b[39m\u001b[0m\n\n      \u001b[2mat ejecutarPipelineModular (\u001b[22msrc/pipelineModular.js\u001b[2m:20:15)\u001b[22m\n      \u001b[2mat ejecutarPipelineModular (\u001b[22msrc/index.js\u001b[2m:73:26)\u001b[22m\n      \u001b[2mat Object.compilarLexmotor (\u001b[22mtest/integration/pipeline.contract-resolver.test.js\u001b[2m:134:17)\u001b[22m","pass":false},"message":"\u001b[2mexpect(\u001b[22m\u001b[31mreceived\u001b[39m\u001b[2m).\u001b[22mrejects\u001b[2m.\u001b[22mtoThrow\u001b[2m(\u001b[22m\u001b[32mexpected\u001b[39m\u001b[2m)\u001b[22m\n\nExpected pattern: \u001b[32m/falta propiedad requerida \"documento\"/i\u001b[39m\nReceived message: \u001b[31m\"ERR_INVALID_INPUT: El jsonCrudo carece de una estructura semántica válida.\"\u001b[39m\n\n    \u001b[0m \u001b[90m 18 |\u001b[39m\n     \u001b[90m 19 |\u001b[39m     \u001b[36mif\u001b[39m (\u001b[33m!\u001b[39mjsonCrudo\u001b[33m.\u001b[39mtokens \u001b[33m&&\u001b[39m \u001b[33m!\u001b[39mjsonCrudo\u001b[33m.\u001b[39mcontenido \u001b[33m&&\u001b[39m \u001b[33m!\u001b[39mjsonCrudo\u001b[33m.\u001b[39mdocumento) {\n    \u001b[31m\u001b[1m>\u001b[22m\u001b[39m\u001b[90m 20 |\u001b[39m         \u001b[36mthrow\u001b[39m \u001b[36mnew\u001b[39m \u001b[33mError\u001b[39m(\u001b[32m\"ERR_INVALID_INPUT: El jsonCrudo carece de una estructura semántica válida.\"\u001b[39m)\u001b[33m;\u001b[39m\n     \u001b[90m    |\u001b[39m               \u001b[31m\u001b[1m^\u001b[22m\u001b[39m\n     \u001b[90m 21 |\u001b[39m     }\n     \u001b[90m 22 |\u001b[39m\n     \u001b[90m 23 |\u001b[39m     \u001b[36mconst\u001b[39m metricas \u001b[33m=\u001b[39m \u001b[36mnew\u001b[39m \u001b[33mMetricas\u001b[39m(\u001b[32m'Pipeline Modular'\u001b[39m)\u001b[33m;\u001b[39m\u001b[0m\n\n      \u001b[2mat ejecutarPipelineModular (\u001b[22msrc/pipelineModular.js\u001b[2m:20:15)\u001b[22m\n      \u001b[2mat ejecutarPipelineModular (\u001b[22msrc/index.js\u001b[2m:73:26)\u001b[22m\n      \u001b[2mat Object.compilarLexmotor (\u001b[22mtest/integration/pipeline.contract-resolver.test.js\u001b[2m:134:17)\u001b[22m"}],"failureMessages":["Error: \u001b[2mexpect(\u001b[22m\u001b[31mreceived\u001b[39m\u001b[2m).\u001b[22mrejects\u001b[2m.\u001b[22mtoThrow\u001b[2m(\u001b[22m\u001b[32mexpected\u001b[39m\u001b[2m)\u001b[22m\n\nExpected pattern: \u001b[32m/falta propiedad requerida \"documento\"/i\u001b[39m\nReceived message: \u001b[31m\"ERR_INVALID_INPUT: El jsonCrudo carece de una estructura semántica válida.\"\u001b[39m\n\n    \u001b[0m \u001b[90m 18 |\u001b[39m\n     \u001b[90m 19 |\u001b[39m     \u001b[36mif\u001b[39m (\u001b[33m!\u001b[39mjsonCrudo\u001b[33m.\u001b[39mtokens \u001b[33m&&\u001b[39m \u001b[33m!\u001b[39mjsonCrudo\u001b[33m.\u001b[39mcontenido \u001b[33m&&\u001b[39m \u001b[33m!\u001b[39mjsonCrudo\u001b[33m.\u001b[39mdocumento) {\n    \u001b[31m\u001b[1m>\u001b[22m\u001b[39m\u001b[90m 20 |\u001b[39m         \u001b[36mthrow\u001b[39m \u001b[36mnew\u001b[39m \u001b[33mError\u001b[39m(\u001b[32m\"ERR_INVALID_INPUT: El jsonCrudo carece de una estructura semántica válida.\"\u001b[39m)\u001b[33m;\u001b[39m\n     \u001b[90m    |\u001b[39m               \u001b[31m\u001b[1m^\u001b[22m\u001b[39m\n     \u001b[90m 21 |\u001b[39m     }\n     \u001b[90m 22 |\u001b[39m\n     \u001b[90m 23 |\u001b[39m     \u001b[36mconst\u001b[39m metricas \u001b[33m=\u001b[39m \u001b[36mnew\u001b[39m \u001b[33mMetricas\u001b[39m(\u001b[32m'Pipeline Modular'\u001b[39m)\u001b[33m;\u001b[39m\u001b[0m\n\n      \u001b[2mat ejecutarPipelineModular (\u001b[22msrc/pipelineModular.js\u001b[2m:20:15)\u001b[22m\n      \u001b[2mat ejecutarPipelineModular (\u001b[22msrc/index.js\u001b[2m:73:26)\u001b[22m\n      \u001b[2mat Object.compilarLexmotor (\u001b[22mtest/integration/pipeline.contract-resolver.test.js\u001b[2m:134:17)\u001b[22m\n    at Object.toThrow (H:\\LexDigital\\Recursos\\AUTOMATIZAR INDESIGN\\proyecto-lexdigital_modular\\node_modules\\expect\\build\\index.js:218:22)\n    at Object.toThrow (H:\\LexDigital\\Recursos\\AUTOMATIZAR INDESIGN\\proyecto-lexdigital_modular\\test\\integration\\pipeline.contract-resolver.test.js:140:18)\n    at Promise.then.completed (H:\\LexDigital\\Recursos\\AUTOMATIZAR INDESIGN\\proyecto-lexdigital_modular\\node_modules\\jest-circus\\build\\utils.js:298:28)\n    at new Promise (<anonymous>)\n    at callAsyncCircusFn (H:\\LexDigital\\Recursos\\AUTOMATIZAR INDESIGN\\proyecto-lexdigital_modular\\node_modules\\jest-circus\\build\\utils.js:231:10)\n    at _callCircusTest (H:\\LexDigital\\Recursos\\AUTOMATIZAR INDESIGN\\proyecto-lexdigital_modular\\node_modules\\jest-circus\\build\\run.js:316:40)\n    at _runTest (H:\\LexDigital\\Recursos\\AUTOMATIZAR INDESIGN\\proyecto-lexdigital_modular\\node_modules\\jest-circus\\build\\run.js:252:3)\n    at _runTestsForDescribeBlock (H:\\LexDigital\\Recursos\\AUTOMATIZAR INDESIGN\\proyecto-lexdigital_modular\\node_modules\\jest-circus\\build\\run.js:126:9)\n    at _runTestsForDescribeBlock (H:\\LexDigital\\Recursos\\AUTOMATIZAR INDESIGN\\proyecto-lexdigital_modular\\node_modules\\jest-circus\\build\\run.js:121:9)\n    at run (H:\\LexDigital\\Recursos\\AUTOMATIZAR INDESIGN\\proyecto-lexdigital_modular\\node_modules\\jest-circus\\build\\run.js:71:3)\n    at runAndTransformResultsToJestFormat (H:\\LexDigital\\Recursos\\AUTOMATIZAR INDESIGN\\proyecto-lexdigital_modular\\node_modules\\jest-circus\\build\\legacy-code-todo-rewrite\\jestAdapterInit.js:122:21)\n    at jestAdapter (H:\\LexDigital\\Recursos\\AUTOMATIZAR INDESIGN\\proyecto-lexdigital_modular\\node_modules\\jest-circus\\build\\legacy-code-todo-rewrite\\jestAdapter.js:79:19)\n    at runTestInternal (H:\\LexDigital\\Recursos\\AUTOMATIZAR INDESIGN\\proyecto-lexdigital_modular\\node_modules\\jest-runner\\build\\runTest.js:367:16)\n    at runTest (H:\\LexDigital\\Recursos\\AUTOMATIZAR INDESIGN\\proyecto-lexdigital_modular\\node_modules\\jest-runner\\build\\runTest.js:444:34)"],"fullName":"PIPE-CONTRACT-002 PIPE-CONTRACT-002-A rechaza documentos sin propiedad documento","invocations":1,"location":null,"numPassingAsserts":0,"retryReasons":[],"status":"failed","title":"PIPE-CONTRACT-002-A rechaza documentos sin propiedad documento"},{"ancestorTitles":["PIPE-CONTRACT-002"],"duration":2,"failureDetails":[{"message":"\u001b[2mexpect(\u001b[22m\u001b[31mreceived\u001b[39m\u001b[2m).\u001b[22mrejects\u001b[2m.\u001b[22mtoThrow\u001b[2m()\u001b[22m\n\nReceived promise resolved instead of rejected\nResolved to value: \u001b[31m{\"astEnriquecido\": {\"contenido\": [], \"documento\": \"texto inválido\", \"tokens\": []}, \"jsonOficial\": {\"documento\": \"texto inválido\", \"tokens\": []}, \"metadatos\": {\"nombre\": \"test\", \"tiempoTotal\": 0.07, \"timestamp\": \"2026-08-16T11:05:59.549Z\", \"version\": \"1.0.0\"}, \"xhtml\": \"<?xml version=\\\"1.0\\\" encoding=\\\"UTF-8\\\"?>\u001b[39m\n\u001b[31m<html xmlns=\\\"http://www.w3.org/1999/xhtml\\\" xml:lang=\\\"es\\\" lang=\\\"es\\\">\u001b[39m\n\u001b[31m<head>\u001b[39m\n\u001b[31m<meta charset=\\\"utf-8\\\" />\u001b[39m\n\u001b[31m<title>Documento LexDigital</title>\u001b[39m\n\u001b[31m<link rel=\\\"stylesheet\\\" href=\\\"styles.css\\\" type=\\\"text/css\\\" />\u001b[39m\n\u001b[31m</head>\u001b[39m\n\u001b[31m<body>·\u001b[39m\n\u001b[31m</body>\u001b[39m\n\u001b[31m</html>\"}\u001b[39m"}],"failureMessages":["Error: \u001b[2mexpect(\u001b[22m\u001b[31mreceived\u001b[39m\u001b[2m).\u001b[22mrejects\u001b[2m.\u001b[22mtoThrow\u001b[2m()\u001b[22m\n\nReceived promise resolved instead of rejected\nResolved to value: \u001b[31m{\"astEnriquecido\": {\"contenido\": [], \"documento\": \"texto inválido\", \"tokens\": []}, \"jsonOficial\": {\"documento\": \"texto inválido\", \"tokens\": []}, \"metadatos\": {\"nombre\": \"test\", \"tiempoTotal\": 0.07, \"timestamp\": \"2026-08-16T11:05:59.549Z\", \"version\": \"1.0.0\"}, \"xhtml\": \"<?xml version=\\\"1.0\\\" encoding=\\\"UTF-8\\\"?>\u001b[39m\n\u001b[31m<html xmlns=\\\"http://www.w3.org/1999/xhtml\\\" xml:lang=\\\"es\\\" lang=\\\"es\\\">\u001b[39m\n\u001b[31m<head>\u001b[39m\n\u001b[31m<meta charset=\\\"utf-8\\\" />\u001b[39m\n\u001b[31m<title>Documento LexDigital</title>\u001b[39m\n\u001b[31m<link rel=\\\"stylesheet\\\" href=\\\"styles.css\\\" type=\\\"text/css\\\" />\u001b[39m\n\u001b[31m</head>\u001b[39m\n\u001b[31m<body>·\u001b[39m\n\u001b[31m</body>\u001b[39m\n\u001b[31m</html>\"}\u001b[39m\n    at expect (H:\\LexDigital\\Recursos\\AUTOMATIZAR INDESIGN\\proyecto-lexdigital_modular\\node_modules\\expect\\build\\index.js:113:15)\n    at Object.expect (H:\\LexDigital\\Recursos\\AUTOMATIZAR INDESIGN\\proyecto-lexdigital_modular\\test\\integration\\pipeline.contract-resolver.test.js:155:19)\n    at Promise.then.completed (H:\\LexDigital\\Recursos\\AUTOMATIZAR INDESIGN\\proyecto-lexdigital_modular\\node_modules\\jest-circus\\build\\utils.js:298:28)\n    at new Promise (<anonymous>)\n    at callAsyncCircusFn (H:\\LexDigital\\Recursos\\AUTOMATIZAR INDESIGN\\proyecto-lexdigital_modular\\node_modules\\jest-circus\\build\\utils.js:231:10)\n    at _callCircusTest (H:\\LexDigital\\Recursos\\AUTOMATIZAR INDESIGN\\proyecto-lexdigital_modular\\node_modules\\jest-circus\\build\\run.js:316:40)\n    at _runTest (H:\\LexDigital\\Recursos\\AUTOMATIZAR INDESIGN\\proyecto-lexdigital_modular\\node_modules\\jest-circus\\build\\run.js:252:3)\n    at _runTestsForDescribeBlock (H:\\LexDigital\\Recursos\\AUTOMATIZAR INDESIGN\\proyecto-lexdigital_modular\\node_modules\\jest-circus\\build\\run.js:126:9)\n    at _runTestsForDescribeBlock (H:\\LexDigital\\Recursos\\AUTOMATIZAR INDESIGN\\proyecto-lexdigital_modular\\node_modules\\jest-circus\\build\\run.js:121:9)\n    at run (H:\\LexDigital\\Recursos\\AUTOMATIZAR INDESIGN\\proyecto-lexdigital_modular\\node_modules\\jest-circus\\build\\run.js:71:3)\n    at runAndTransformResultsToJestFormat (H:\\LexDigital\\Recursos\\AUTOMATIZAR INDESIGN\\proyecto-lexdigital_modular\\node_modules\\jest-circus\\build\\legacy-code-todo-rewrite\\jestAdapterInit.js:122:21)\n    at jestAdapter (H:\\LexDigital\\Recursos\\AUTOMATIZAR INDESIGN\\proyecto-lexdigital_modular\\node_modules\\jest-circus\\build\\legacy-code-todo-rewrite\\jestAdapter.js:79:19)\n    at runTestInternal (H:\\LexDigital\\Recursos\\AUTOMATIZAR INDESIGN\\proyecto-lexdigital_modular\\node_modules\\jest-runner\\build\\runTest.js:367:16)\n    at runTest (H:\\LexDigital\\Recursos\\AUTOMATIZAR INDESIGN\\proyecto-lexdigital_modular\\node_modules\\jest-runner\\build\\runTest.js:444:34)"],"fullName":"PIPE-CONTRACT-002 PIPE-CONTRACT-002-B rechaza documento con tipo inválido","invocations":1,"location":null,"numPassingAsserts":0,"retryReasons":[],"status":"failed","title":"PIPE-CONTRACT-002-B rechaza documento con tipo inválido"},{"ancestorTitles":["PIPE-CONTRACT-002"],"duration":0,"failureDetails":[{"message":"\u001b[2mexpect(\u001b[22m\u001b[31mreceived\u001b[39m\u001b[2m).\u001b[22mrejects\u001b[2m.\u001b[22mtoThrow\u001b[2m()\u001b[22m\n\nReceived promise resolved instead of rejected\nResolved to value: \u001b[31m{\"astEnriquecido\": {\"contenido\": [], \"documento\": {}, \"tokens\": []}, \"jsonOficial\": {\"documento\": {}, \"tokens\": []}, \"metadatos\": {\"nombre\": \"test\", \"tiempoTotal\": 0.05, \"timestamp\": \"2026-08-16T11:05:59.551Z\", \"version\": \"1.0.0\"}, \"xhtml\": \"<?xml version=\\\"1.0\\\" encoding=\\\"UTF-8\\\"?>\u001b[39m\n\u001b[31m<html xmlns=\\\"http://www.w3.org/1999/xhtml\\\" xml:lang=\\\"es\\\" lang=\\\"es\\\">\u001b[39m\n\u001b[31m<head>\u001b[39m\n\u001b[31m<meta charset=\\\"utf-8\\\" />\u001b[39m\n\u001b[31m<title>Documento LexDigital</title>\u001b[39m\n\u001b[31m<link rel=\\\"stylesheet\\\" href=\\\"styles.css\\\" type=\\\"text/css\\\" />\u001b[39m\n\u001b[31m</head>\u001b[39m\n\u001b[31m<body>·\u001b[39m\n\u001b[31m</body>\u001b[39m\n\u001b[31m</html>\"}\u001b[39m"}],"failureMessages":["Error: \u001b[2mexpect(\u001b[22m\u001b[31mreceived\u001b[39m\u001b[2m).\u001b[22mrejects\u001b[2m.\u001b[22mtoThrow\u001b[2m()\u001b[22m\n\nReceived promise resolved instead of rejected\nResolved to value: \u001b[31m{\"astEnriquecido\": {\"contenido\": [], \"documento\": {}, \"tokens\": []}, \"jsonOficial\": {\"documento\": {}, \"tokens\": []}, \"metadatos\": {\"nombre\": \"test\", \"tiempoTotal\": 0.05, \"timestamp\": \"2026-08-16T11:05:59.551Z\", \"version\": \"1.0.0\"}, \"xhtml\": \"<?xml version=\\\"1.0\\\" encoding=\\\"UTF-8\\\"?>\u001b[39m\n\u001b[31m<html xmlns=\\\"http://www.w3.org/1999/xhtml\\\" xml:lang=\\\"es\\\" lang=\\\"es\\\">\u001b[39m\n\u001b[31m<head>\u001b[39m\n\u001b[31m<meta charset=\\\"utf-8\\\" />\u001b[39m\n\u001b[31m<title>Documento LexDigital</title>\u001b[39m\n\u001b[31m<link rel=\\\"stylesheet\\\" href=\\\"styles.css\\\" type=\\\"text/css\\\" />\u001b[39m\n\u001b[31m</head>\u001b[39m\n\u001b[31m<body>·\u001b[39m\n\u001b[31m</body>\u001b[39m\n\u001b[31m</html>\"}\u001b[39m\n    at expect (H:\\LexDigital\\Recursos\\AUTOMATIZAR INDESIGN\\proyecto-lexdigital_modular\\node_modules\\expect\\build\\index.js:113:15)\n    at Object.expect (H:\\LexDigital\\Recursos\\AUTOMATIZAR INDESIGN\\proyecto-lexdigital_modular\\test\\integration\\pipeline.contract-resolver.test.js:177:19)\n    at Promise.then.completed (H:\\LexDigital\\Recursos\\AUTOMATIZAR INDESIGN\\proyecto-lexdigital_modular\\node_modules\\jest-circus\\build\\utils.js:298:28)\n    at new Promise (<anonymous>)\n    at callAsyncCircusFn (H:\\LexDigital\\Recursos\\AUTOMATIZAR INDESIGN\\proyecto-lexdigital_modular\\node_modules\\jest-circus\\build\\utils.js:231:10)\n    at _callCircusTest (H:\\LexDigital\\Recursos\\AUTOMATIZAR INDESIGN\\proyecto-lexdigital_modular\\node_modules\\jest-circus\\build\\run.js:316:40)\n    at _runTest (H:\\LexDigital\\Recursos\\AUTOMATIZAR INDESIGN\\proyecto-lexdigital_modular\\node_modules\\jest-circus\\build\\run.js:252:3)\n    at _runTestsForDescribeBlock (H:\\LexDigital\\Recursos\\AUTOMATIZAR INDESIGN\\proyecto-lexdigital_modular\\node_modules\\jest-circus\\build\\run.js:126:9)\n    at _runTestsForDescribeBlock (H:\\LexDigital\\Recursos\\AUTOMATIZAR INDESIGN\\proyecto-lexdigital_modular\\node_modules\\jest-circus\\build\\run.js:121:9)\n    at run (H:\\LexDigital\\Recursos\\AUTOMATIZAR INDESIGN\\proyecto-lexdigital_modular\\node_modules\\jest-circus\\build\\run.js:71:3)\n    at runAndTransformResultsToJestFormat (H:\\LexDigital\\Recursos\\AUTOMATIZAR INDESIGN\\proyecto-lexdigital_modular\\node_modules\\jest-circus\\build\\legacy-code-todo-rewrite\\jestAdapterInit.js:122:21)\n    at jestAdapter (H:\\LexDigital\\Recursos\\AUTOMATIZAR INDESIGN\\proyecto-lexdigital_modular\\node_modules\\jest-circus\\build\\legacy-code-todo-rewrite\\jestAdapter.js:79:19)\n    at runTestInternal (H:\\LexDigital\\Recursos\\AUTOMATIZAR INDESIGN\\proyecto-lexdigital_modular\\node_modules\\jest-runner\\build\\runTest.js:367:16)\n    at runTest (H:\\LexDigital\\Recursos\\AUTOMATIZAR INDESIGN\\proyecto-lexdigital_modular\\node_modules\\jest-runner\\build\\runTest.js:444:34)"],"fullName":"PIPE-CONTRACT-002 PIPE-CONTRACT-002-C rechaza documento sin título","invocations":1,"location":null,"numPassingAsserts":0,"retryReasons":[],"status":"failed","title":"PIPE-CONTRACT-002-C rechaza documento sin título"},{"ancestorTitles":["PIPE-CONTRACT-002"],"duration":1,"failureDetails":[{"message":"\u001b[2mexpect(\u001b[22m\u001b[31mreceived\u001b[39m\u001b[2m).\u001b[22mrejects\u001b[2m.\u001b[22mtoThrow\u001b[2m()\u001b[22m\n\nReceived promise resolved instead of rejected\nResolved to value: \u001b[31m{\"astEnriquecido\": {\"contenido\": [], \"documento\": {\"titulo\": \"\"}, \"tokens\": []}, \"jsonOficial\": {\"documento\": {\"titulo\": \"\"}, \"tokens\": []}, \"metadatos\": {\"nombre\": \"test\", \"tiempoTotal\": 0.05, \"timestamp\": \"2026-08-16T11:05:59.552Z\", \"version\": \"1.0.0\"}, \"xhtml\": \"<?xml version=\\\"1.0\\\" encoding=\\\"UTF-8\\\"?>\u001b[39m\n\u001b[31m<html xmlns=\\\"http://www.w3.org/1999/xhtml\\\" xml:lang=\\\"es\\\" lang=\\\"es\\\">\u001b[39m\n\u001b[31m<head>\u001b[39m\n\u001b[31m<meta charset=\\\"utf-8\\\" />\u001b[39m\n\u001b[31m<title>Documento LexDigital</title>\u001b[39m\n\u001b[31m<link rel=\\\"stylesheet\\\" href=\\\"styles.css\\\" type=\\\"text/css\\\" />\u001b[39m\n\u001b[31m</head>\u001b[39m\n\u001b[31m<body>·\u001b[39m\n\u001b[31m</body>\u001b[39m\n\u001b[31m</html>\"}\u001b[39m"}],"failureMessages":["Error: \u001b[2mexpect(\u001b[22m\u001b[31mreceived\u001b[39m\u001b[2m).\u001b[22mrejects\u001b[2m.\u001b[22mtoThrow\u001b[2m()\u001b[22m\n\nReceived promise resolved instead of rejected\nResolved to value: \u001b[31m{\"astEnriquecido\": {\"contenido\": [], \"documento\": {\"titulo\": \"\"}, \"tokens\": []}, \"jsonOficial\": {\"documento\": {\"titulo\": \"\"}, \"tokens\": []}, \"metadatos\": {\"nombre\": \"test\", \"tiempoTotal\": 0.05, \"timestamp\": \"2026-08-16T11:05:59.552Z\", \"version\": \"1.0.0\"}, \"xhtml\": \"<?xml version=\\\"1.0\\\" encoding=\\\"UTF-8\\\"?>\u001b[39m\n\u001b[31m<html xmlns=\\\"http://www.w3.org/1999/xhtml\\\" xml:lang=\\\"es\\\" lang=\\\"es\\\">\u001b[39m\n\u001b[31m<head>\u001b[39m\n\u001b[31m<meta charset=\\\"utf-8\\\" />\u001b[39m\n\u001b[31m<title>Documento LexDigital</title>\u001b[39m\n\u001b[31m<link rel=\\\"stylesheet\\\" href=\\\"styles.css\\\" type=\\\"text/css\\\" />\u001b[39m\n\u001b[31m</head>\u001b[39m\n\u001b[31m<body>·\u001b[39m\n\u001b[31m</body>\u001b[39m\n\u001b[31m</html>\"}\u001b[39m\n    at expect (H:\\LexDigital\\Recursos\\AUTOMATIZAR INDESIGN\\proyecto-lexdigital_modular\\node_modules\\expect\\build\\index.js:113:15)\n    at Object.expect (H:\\LexDigital\\Recursos\\AUTOMATIZAR INDESIGN\\proyecto-lexdigital_modular\\test\\integration\\pipeline.contract-resolver.test.js:201:19)\n    at Promise.then.completed (H:\\LexDigital\\Recursos\\AUTOMATIZAR INDESIGN\\proyecto-lexdigital_modular\\node_modules\\jest-circus\\build\\utils.js:298:28)\n    at new Promise (<anonymous>)\n    at callAsyncCircusFn (H:\\LexDigital\\Recursos\\AUTOMATIZAR INDESIGN\\proyecto-lexdigital_modular\\node_modules\\jest-circus\\build\\utils.js:231:10)\n    at _callCircusTest (H:\\LexDigital\\Recursos\\AUTOMATIZAR INDESIGN\\proyecto-lexdigital_modular\\node_modules\\jest-circus\\build\\run.js:316:40)\n    at _runTest (H:\\LexDigital\\Recursos\\AUTOMATIZAR INDESIGN\\proyecto-lexdigital_modular\\node_modules\\jest-circus\\build\\run.js:252:3)\n    at _runTestsForDescribeBlock (H:\\LexDigital\\Recursos\\AUTOMATIZAR INDESIGN\\proyecto-lexdigital_modular\\node_modules\\jest-circus\\build\\run.js:126:9)\n    at _runTestsForDescribeBlock (H:\\LexDigital\\Recursos\\AUTOMATIZAR INDESIGN\\proyecto-lexdigital_modular\\node_modules\\jest-circus\\build\\run.js:121:9)\n    at run (H:\\LexDigital\\Recursos\\AUTOMATIZAR INDESIGN\\proyecto-lexdigital_modular\\node_modules\\jest-circus\\build\\run.js:71:3)\n    at runAndTransformResultsToJestFormat (H:\\LexDigital\\Recursos\\AUTOMATIZAR INDESIGN\\proyecto-lexdigital_modular\\node_modules\\jest-circus\\build\\legacy-code-todo-rewrite\\jestAdapterInit.js:122:21)\n    at jestAdapter (H:\\LexDigital\\Recursos\\AUTOMATIZAR INDESIGN\\proyecto-lexdigital_modular\\node_modules\\jest-circus\\build\\legacy-code-todo-rewrite\\jestAdapter.js:79:19)\n    at runTestInternal (H:\\LexDigital\\Recursos\\AUTOMATIZAR INDESIGN\\proyecto-lexdigital_modular\\node_modules\\jest-runner\\build\\runTest.js:367:16)\n    at runTest (H:\\LexDigital\\Recursos\\AUTOMATIZAR INDESIGN\\proyecto-lexdigital_modular\\node_modules\\jest-runner\\build\\runTest.js:444:34)"],"fullName":"PIPE-CONTRACT-002 PIPE-CONTRACT-002-D1 rechaza documento con título de cadena vacía","invocations":1,"location":null,"numPassingAsserts":0,"retryReasons":[],"status":"failed","title":"PIPE-CONTRACT-002-D1 rechaza documento con título de cadena vacía"},{"ancestorTitles":["PIPE-CONTRACT-002"],"duration":1,"failureDetails":[{"message":"\u001b[2mexpect(\u001b[22m\u001b[31mreceived\u001b[39m\u001b[2m).\u001b[22mrejects\u001b[2m.\u001b[22mtoThrow\u001b[2m()\u001b[22m\n\nReceived promise resolved instead of rejected\nResolved to value: \u001b[31m{\"astEnriquecido\": {\"contenido\": [], \"documento\": {\"titulo\": \"   \"}, \"tokens\": []}, \"jsonOficial\": {\"documento\": {\"titulo\": \"   \"}, \"tokens\": []}, \"metadatos\": {\"nombre\": \"test\", \"tiempoTotal\": 0.05, \"timestamp\": \"2026-08-16T11:05:59.554Z\", \"version\": \"1.0.0\"}, \"xhtml\": \"<?xml version=\\\"1.0\\\" encoding=\\\"UTF-8\\\"?>\u001b[39m\n\u001b[31m<html xmlns=\\\"http://www.w3.org/1999/xhtml\\\" xml:lang=\\\"es\\\" lang=\\\"es\\\">\u001b[39m\n\u001b[31m<head>\u001b[39m\n\u001b[31m<meta charset=\\\"utf-8\\\" />\u001b[39m\n\u001b[31m<title>   </title>\u001b[39m\n\u001b[31m<link rel=\\\"stylesheet\\\" href=\\\"styles.css\\\" type=\\\"text/css\\\" />\u001b[39m\n\u001b[31m</head>\u001b[39m\n\u001b[31m<body>·\u001b[39m\n\u001b[31m</body>\u001b[39m\n\u001b[31m</html>\"}\u001b[39m"}],"failureMessages":["Error: \u001b[2mexpect(\u001b[22m\u001b[31mreceived\u001b[39m\u001b[2m).\u001b[22mrejects\u001b[2m.\u001b[22mtoThrow\u001b[2m()\u001b[22m\n\nReceived promise resolved instead of rejected\nResolved to value: \u001b[31m{\"astEnriquecido\": {\"contenido\": [], \"documento\": {\"titulo\": \"   \"}, \"tokens\": []}, \"jsonOficial\": {\"documento\": {\"titulo\": \"   \"}, \"tokens\": []}, \"metadatos\": {\"nombre\": \"test\", \"tiempoTotal\": 0.05, \"timestamp\": \"2026-08-16T11:05:59.554Z\", \"version\": \"1.0.0\"}, \"xhtml\": \"<?xml version=\\\"1.0\\\" encoding=\\\"UTF-8\\\"?>\u001b[39m\n\u001b[31m<html xmlns=\\\"http://www.w3.org/1999/xhtml\\\" xml:lang=\\\"es\\\" lang=\\\"es\\\">\u001b[39m\n\u001b[31m<head>\u001b[39m\n\u001b[31m<meta charset=\\\"utf-8\\\" />\u001b[39m\n\u001b[31m<title>   </title>\u001b[39m\n\u001b[31m<link rel=\\\"stylesheet\\\" href=\\\"styles.css\\\" type=\\\"text/css\\\" />\u001b[39m\n\u001b[31m</head>\u001b[39m\n\u001b[31m<body>·\u001b[39m\n\u001b[31m</body>\u001b[39m\n\u001b[31m</html>\"}\u001b[39m\n    at expect (H:\\LexDigital\\Recursos\\AUTOMATIZAR INDESIGN\\proyecto-lexdigital_modular\\node_modules\\expect\\build\\index.js:113:15)\n    at Object.expect (H:\\LexDigital\\Recursos\\AUTOMATIZAR INDESIGN\\proyecto-lexdigital_modular\\test\\integration\\pipeline.contract-resolver.test.js:225:19)\n    at Promise.then.completed (H:\\LexDigital\\Recursos\\AUTOMATIZAR INDESIGN\\proyecto-lexdigital_modular\\node_modules\\jest-circus\\build\\utils.js:298:28)\n    at new Promise (<anonymous>)\n    at callAsyncCircusFn (H:\\LexDigital\\Recursos\\AUTOMATIZAR INDESIGN\\proyecto-lexdigital_modular\\node_modules\\jest-circus\\build\\utils.js:231:10)\n    at _callCircusTest (H:\\LexDigital\\Recursos\\AUTOMATIZAR INDESIGN\\proyecto-lexdigital_modular\\node_modules\\jest-circus\\build\\run.js:316:40)\n    at _runTest (H:\\LexDigital\\Recursos\\AUTOMATIZAR INDESIGN\\proyecto-lexdigital_modular\\node_modules\\jest-circus\\build\\run.js:252:3)\n    at _runTestsForDescribeBlock (H:\\LexDigital\\Recursos\\AUTOMATIZAR INDESIGN\\proyecto-lexdigital_modular\\node_modules\\jest-circus\\build\\run.js:126:9)\n    at _runTestsForDescribeBlock (H:\\LexDigital\\Recursos\\AUTOMATIZAR INDESIGN\\proyecto-lexdigital_modular\\node_modules\\jest-circus\\build\\run.js:121:9)\n    at run (H:\\LexDigital\\Recursos\\AUTOMATIZAR INDESIGN\\proyecto-lexdigital_modular\\node_modules\\jest-circus\\build\\run.js:71:3)\n    at runAndTransformResultsToJestFormat (H:\\LexDigital\\Recursos\\AUTOMATIZAR INDESIGN\\proyecto-lexdigital_modular\\node_modules\\jest-circus\\build\\legacy-code-todo-rewrite\\jestAdapterInit.js:122:21)\n    at jestAdapter (H:\\LexDigital\\Recursos\\AUTOMATIZAR INDESIGN\\proyecto-lexdigital_modular\\node_modules\\jest-circus\\build\\legacy-code-todo-rewrite\\jestAdapter.js:79:19)\n    at runTestInternal (H:\\LexDigital\\Recursos\\AUTOMATIZAR INDESIGN\\proyecto-lexdigital_modular\\node_modules\\jest-runner\\build\\runTest.js:367:16)\n    at runTest (H:\\LexDigital\\Recursos\\AUTOMATIZAR INDESIGN\\proyecto-lexdigital_modular\\node_modules\\jest-runner\\build\\runTest.js:444:34)"],"fullName":"PIPE-CONTRACT-002 PIPE-CONTRACT-002-D2 rechaza documento con título de solo espacios","invocations":1,"location":null,"numPassingAsserts":0,"retryReasons":[],"status":"failed","title":"PIPE-CONTRACT-002-D2 rechaza documento con título de solo espacios"},{"ancestorTitles":["PIPE-CONTRACT-003-A: Existencia y tipo de la colección"],"duration":0,"failureDetails":[{"message":"\u001b[2mexpect(\u001b[22m\u001b[31mreceived\u001b[39m\u001b[2m).\u001b[22mrejects\u001b[2m.\u001b[22mtoThrow\u001b[2m()\u001b[22m\n\nReceived promise resolved instead of rejected\nResolved to value: \u001b[31m{\"astEnriquecido\": {\"contenido\": [], \"documento\": {\"titulo\": \"Test\"}, \"tokens\": []}, \"jsonOficial\": {\"documento\": {\"titulo\": \"Test\"}, \"tokens\": []}, \"metadatos\": {\"nombre\": \"test\", \"tiempoTotal\": 0.05, \"timestamp\": \"2026-08-16T11:05:59.555Z\", \"version\": \"1.0.0\"}, \"xhtml\": \"<?xml version=\\\"1.0\\\" encoding=\\\"UTF-8\\\"?>\u001b[39m\n\u001b[31m<html xmlns=\\\"http://www.w3.org/1999/xhtml\\\" xml:lang=\\\"es\\\" lang=\\\"es\\\">\u001b[39m\n\u001b[31m<head>\u001b[39m\n\u001b[31m<meta charset=\\\"utf-8\\\" />\u001b[39m\n\u001b[31m<title>Test</title>\u001b[39m\n\u001b[31m<link rel=\\\"stylesheet\\\" href=\\\"styles.css\\\" type=\\\"text/css\\\" />\u001b[39m\n\u001b[31m</head>\u001b[39m\n\u001b[31m<body>·\u001b[39m\n\u001b[31m</body>\u001b[39m\n\u001b[31m</html>\"}\u001b[39m"}],"failureMessages":["Error: \u001b[2mexpect(\u001b[22m\u001b[31mreceived\u001b[39m\u001b[2m).\u001b[22mrejects\u001b[2m.\u001b[22mtoThrow\u001b[2m()\u001b[22m\n\nReceived promise resolved instead of rejected\nResolved to value: \u001b[31m{\"astEnriquecido\": {\"contenido\": [], \"documento\": {\"titulo\": \"Test\"}, \"tokens\": []}, \"jsonOficial\": {\"documento\": {\"titulo\": \"Test\"}, \"tokens\": []}, \"metadatos\": {\"nombre\": \"test\", \"tiempoTotal\": 0.05, \"timestamp\": \"2026-08-16T11:05:59.555Z\", \"version\": \"1.0.0\"}, \"xhtml\": \"<?xml version=\\\"1.0\\\" encoding=\\\"UTF-8\\\"?>\u001b[39m\n\u001b[31m<html xmlns=\\\"http://www.w3.org/1999/xhtml\\\" xml:lang=\\\"es\\\" lang=\\\"es\\\">\u001b[39m\n\u001b[31m<head>\u001b[39m\n\u001b[31m<meta charset=\\\"utf-8\\\" />\u001b[39m\n\u001b[31m<title>Test</title>\u001b[39m\n\u001b[31m<link rel=\\\"stylesheet\\\" href=\\\"styles.css\\\" type=\\\"text/css\\\" />\u001b[39m\n\u001b[31m</head>\u001b[39m\n\u001b[31m<body>·\u001b[39m\n\u001b[31m</body>\u001b[39m\n\u001b[31m</html>\"}\u001b[39m\n    at expect (H:\\LexDigital\\Recursos\\AUTOMATIZAR INDESIGN\\proyecto-lexdigital_modular\\node_modules\\expect\\build\\index.js:113:15)\n    at Object.expect (H:\\LexDigital\\Recursos\\AUTOMATIZAR INDESIGN\\proyecto-lexdigital_modular\\test\\integration\\pipeline.contract-resolver.test.js:260:23)\n    at Promise.then.completed (H:\\LexDigital\\Recursos\\AUTOMATIZAR INDESIGN\\proyecto-lexdigital_modular\\node_modules\\jest-circus\\build\\utils.js:298:28)\n    at new Promise (<anonymous>)\n    at callAsyncCircusFn (H:\\LexDigital\\Recursos\\AUTOMATIZAR INDESIGN\\proyecto-lexdigital_modular\\node_modules\\jest-circus\\build\\utils.js:231:10)\n    at _callCircusTest (H:\\LexDigital\\Recursos\\AUTOMATIZAR INDESIGN\\proyecto-lexdigital_modular\\node_modules\\jest-circus\\build\\run.js:316:40)\n    at _runTest (H:\\LexDigital\\Recursos\\AUTOMATIZAR INDESIGN\\proyecto-lexdigital_modular\\node_modules\\jest-circus\\build\\run.js:252:3)\n    at _runTestsForDescribeBlock (H:\\LexDigital\\Recursos\\AUTOMATIZAR INDESIGN\\proyecto-lexdigital_modular\\node_modules\\jest-circus\\build\\run.js:126:9)\n    at _runTestsForDescribeBlock (H:\\LexDigital\\Recursos\\AUTOMATIZAR INDESIGN\\proyecto-lexdigital_modular\\node_modules\\jest-circus\\build\\run.js:121:9)\n    at run (H:\\LexDigital\\Recursos\\AUTOMATIZAR INDESIGN\\proyecto-lexdigital_modular\\node_modules\\jest-circus\\build\\run.js:71:3)\n    at runAndTransformResultsToJestFormat (H:\\LexDigital\\Recursos\\AUTOMATIZAR INDESIGN\\proyecto-lexdigital_modular\\node_modules\\jest-circus\\build\\legacy-code-todo-rewrite\\jestAdapterInit.js:122:21)\n    at jestAdapter (H:\\LexDigital\\Recursos\\AUTOMATIZAR INDESIGN\\proyecto-lexdigital_modular\\node_modules\\jest-circus\\build\\legacy-code-todo-rewrite\\jestAdapter.js:79:19)\n    at runTestInternal (H:\\LexDigital\\Recursos\\AUTOMATIZAR INDESIGN\\proyecto-lexdigital_modular\\node_modules\\jest-runner\\build\\runTest.js:367:16)\n    at runTest (H:\\LexDigital\\Recursos\\AUTOMATIZAR INDESIGN\\proyecto-lexdigital_modular\\node_modules\\jest-runner\\build\\runTest.js:444:34)"],"fullName":"PIPE-CONTRACT-003-A: Existencia y tipo de la colección 003-A1: rechaza compilación si falta la colección \"contenido\"","invocations":1,"location":null,"numPassingAsserts":0,"retryReasons":[],"status":"failed","title":"003-A1: rechaza compilación si falta la colección \"contenido\""},{"ancestorTitles":["PIPE-CONTRACT-003-A: Existencia y tipo de la colección"],"duration":0,"failureDetails":[{"message":"\u001b[2mexpect(\u001b[22m\u001b[31mreceived\u001b[39m\u001b[2m).\u001b[22mrejects\u001b[2m.\u001b[22mtoThrow\u001b[2m()\u001b[22m\n\nReceived promise resolved instead of rejected\nResolved to value: \u001b[31m{\"astEnriquecido\": {\"contenido\": {\"texto\": \"Invalido porque es objeto, no array\", \"tipo\": \"articulo\"}, \"documento\": {\"titulo\": \"Test\"}, \"tokens\": {\"texto\": \"Invalido porque es objeto, no array\", \"tipo\": \"articulo\"}}, \"jsonOficial\": {\"documento\": {\"titulo\": \"Test\"}, \"tokens\": {\"texto\": \"Invalido porque es objeto, no array\", \"tipo\": \"articulo\"}}, \"metadatos\": {\"nombre\": \"test\", \"tiempoTotal\": 0.09, \"timestamp\": \"2026-08-16T11:05:59.556Z\", \"version\": \"1.0.0\"}, \"xhtml\": \"<?xml version=\\\"1.0\\\" encoding=\\\"UTF-8\\\"?>\u001b[39m\n\u001b[31m<html xmlns=\\\"http://www.w3.org/1999/xhtml\\\" xml:lang=\\\"es\\\" lang=\\\"es\\\">\u001b[39m\n\u001b[31m<head>\u001b[39m\n\u001b[31m<meta charset=\\\"utf-8\\\" />\u001b[39m\n\u001b[31m<title>Test</title>\u001b[39m\n\u001b[31m<link rel=\\\"stylesheet\\\" href=\\\"styles.css\\\" type=\\\"text/css\\\" />\u001b[39m\n\u001b[31m</head>\u001b[39m\n\u001b[31m<body>\u001b[39m\n\u001b[31m<p>Invalido porque es objeto, no array</p>\u001b[39m\n\u001b[31m</body>\u001b[39m\n\u001b[31m</html>\"}\u001b[39m"}],"failureMessages":["Error: \u001b[2mexpect(\u001b[22m\u001b[31mreceived\u001b[39m\u001b[2m).\u001b[22mrejects\u001b[2m.\u001b[22mtoThrow\u001b[2m()\u001b[22m\n\nReceived promise resolved instead of rejected\nResolved to value: \u001b[31m{\"astEnriquecido\": {\"contenido\": {\"texto\": \"Invalido porque es objeto, no array\", \"tipo\": \"articulo\"}, \"documento\": {\"titulo\": \"Test\"}, \"tokens\": {\"texto\": \"Invalido porque es objeto, no array\", \"tipo\": \"articulo\"}}, \"jsonOficial\": {\"documento\": {\"titulo\": \"Test\"}, \"tokens\": {\"texto\": \"Invalido porque es objeto, no array\", \"tipo\": \"articulo\"}}, \"metadatos\": {\"nombre\": \"test\", \"tiempoTotal\": 0.09, \"timestamp\": \"2026-08-16T11:05:59.556Z\", \"version\": \"1.0.0\"}, \"xhtml\": \"<?xml version=\\\"1.0\\\" encoding=\\\"UTF-8\\\"?>\u001b[39m\n\u001b[31m<html xmlns=\\\"http://www.w3.org/1999/xhtml\\\" xml:lang=\\\"es\\\" lang=\\\"es\\\">\u001b[39m\n\u001b[31m<head>\u001b[39m\n\u001b[31m<meta charset=\\\"utf-8\\\" />\u001b[39m\n\u001b[31m<title>Test</title>\u001b[39m\n\u001b[31m<link rel=\\\"stylesheet\\\" href=\\\"styles.css\\\" type=\\\"text/css\\\" />\u001b[39m\n\u001b[31m</head>\u001b[39m\n\u001b[31m<body>\u001b[39m\n\u001b[31m<p>Invalido porque es objeto, no array</p>\u001b[39m\n\u001b[31m</body>\u001b[39m\n\u001b[31m</html>\"}\u001b[39m\n    at expect (H:\\LexDigital\\Recursos\\AUTOMATIZAR INDESIGN\\proyecto-lexdigital_modular\\node_modules\\expect\\build\\index.js:113:15)\n    at Object.expect (H:\\LexDigital\\Recursos\\AUTOMATIZAR INDESIGN\\proyecto-lexdigital_modular\\test\\integration\\pipeline.contract-resolver.test.js:287:23)\n    at Promise.then.completed (H:\\LexDigital\\Recursos\\AUTOMATIZAR INDESIGN\\proyecto-lexdigital_modular\\node_modules\\jest-circus\\build\\utils.js:298:28)\n    at new Promise (<anonymous>)\n    at callAsyncCircusFn (H:\\LexDigital\\Recursos\\AUTOMATIZAR INDESIGN\\proyecto-lexdigital_modular\\node_modules\\jest-circus\\build\\utils.js:231:10)\n    at _callCircusTest (H:\\LexDigital\\Recursos\\AUTOMATIZAR INDESIGN\\proyecto-lexdigital_modular\\node_modules\\jest-circus\\build\\run.js:316:40)\n    at _runTest (H:\\LexDigital\\Recursos\\AUTOMATIZAR INDESIGN\\proyecto-lexdigital_modular\\node_modules\\jest-circus\\build\\run.js:252:3)\n    at _runTestsForDescribeBlock (H:\\LexDigital\\Recursos\\AUTOMATIZAR INDESIGN\\proyecto-lexdigital_modular\\node_modules\\jest-circus\\build\\run.js:126:9)\n    at _runTestsForDescribeBlock (H:\\LexDigital\\Recursos\\AUTOMATIZAR INDESIGN\\proyecto-lexdigital_modular\\node_modules\\jest-circus\\build\\run.js:121:9)\n    at run (H:\\LexDigital\\Recursos\\AUTOMATIZAR INDESIGN\\proyecto-lexdigital_modular\\node_modules\\jest-circus\\build\\run.js:71:3)\n    at runAndTransformResultsToJestFormat (H:\\LexDigital\\Recursos\\AUTOMATIZAR INDESIGN\\proyecto-lexdigital_modular\\node_modules\\jest-circus\\build\\legacy-code-todo-rewrite\\jestAdapterInit.js:122:21)\n    at jestAdapter (H:\\LexDigital\\Recursos\\AUTOMATIZAR INDESIGN\\proyecto-lexdigital_modular\\node_modules\\jest-circus\\build\\legacy-code-todo-rewrite\\jestAdapter.js:79:19)\n    at runTestInternal (H:\\LexDigital\\Recursos\\AUTOMATIZAR INDESIGN\\proyecto-lexdigital_modular\\node_modules\\jest-runner\\build\\runTest.js:367:16)\n    at runTest (H:\\LexDigital\\Recursos\\AUTOMATIZAR INDESIGN\\proyecto-lexdigital_modular\\node_modules\\jest-runner\\build\\runTest.js:444:34)"],"fullName":"PIPE-CONTRACT-003-A: Existencia y tipo de la colección 003-A2: rechaza compilación si \"contenido\" no es un arreglo","invocations":1,"location":null,"numPassingAsserts":0,"retryReasons":[],"status":"failed","title":"003-A2: rechaza compilación si \"contenido\" no es un arreglo"},{"ancestorTitles":["PIPE-CONTRACT-003-B: Integridad de los nodos"],"duration":1,"failureDetails":[{"message":"\u001b[2mexpect(\u001b[22m\u001b[31mreceived\u001b[39m\u001b[2m).\u001b[22mrejects\u001b[2m.\u001b[22mtoThrow\u001b[2m()\u001b[22m\n\nReceived promise resolved instead of rejected\nResolved to value: \u001b[31m{\"astEnriquecido\": {\"contenido\": [\"Artículo 1. Texto inválido.\"], \"documento\": {\"titulo\": \"Test\"}, \"tokens\": [\"Artículo 1. Texto inválido.\"]}, \"jsonOficial\": {\"documento\": {\"titulo\": \"Test\"}, \"tokens\": [\"Artículo 1. Texto inválido.\"]}, \"metadatos\": {\"nombre\": \"test\", \"tiempoTotal\": 0.05, \"timestamp\": \"2026-08-16T11:05:59.557Z\", \"version\": \"1.0.0\"}, \"xhtml\": \"<?xml version=\\\"1.0\\\" encoding=\\\"UTF-8\\\"?>\u001b[39m\n\u001b[31m<html xmlns=\\\"http://www.w3.org/1999/xhtml\\\" xml:lang=\\\"es\\\" lang=\\\"es\\\">\u001b[39m\n\u001b[31m<head>\u001b[39m\n\u001b[31m<meta charset=\\\"utf-8\\\" />\u001b[39m\n\u001b[31m<title>Test</title>\u001b[39m\n\u001b[31m<link rel=\\\"stylesheet\\\" href=\\\"styles.css\\\" type=\\\"text/css\\\" />\u001b[39m\n\u001b[31m</head>\u001b[39m\n\u001b[31m<body>\u001b[39m\n\u001b[31mArtículo 1. Texto inválido.\u001b[39m\n\u001b[31m</body>\u001b[39m\n\u001b[31m</html>\"}\u001b[39m"}],"failureMessages":["Error: \u001b[2mexpect(\u001b[22m\u001b[31mreceived\u001b[39m\u001b[2m).\u001b[22mrejects\u001b[2m.\u001b[22mtoThrow\u001b[2m()\u001b[22m\n\nReceived promise resolved instead of rejected\nResolved to value: \u001b[31m{\"astEnriquecido\": {\"contenido\": [\"Artículo 1. Texto inválido.\"], \"documento\": {\"titulo\": \"Test\"}, \"tokens\": [\"Artículo 1. Texto inválido.\"]}, \"jsonOficial\": {\"documento\": {\"titulo\": \"Test\"}, \"tokens\": [\"Artículo 1. Texto inválido.\"]}, \"metadatos\": {\"nombre\": \"test\", \"tiempoTotal\": 0.05, \"timestamp\": \"2026-08-16T11:05:59.557Z\", \"version\": \"1.0.0\"}, \"xhtml\": \"<?xml version=\\\"1.0\\\" encoding=\\\"UTF-8\\\"?>\u001b[39m\n\u001b[31m<html xmlns=\\\"http://www.w3.org/1999/xhtml\\\" xml:lang=\\\"es\\\" lang=\\\"es\\\">\u001b[39m\n\u001b[31m<head>\u001b[39m\n\u001b[31m<meta charset=\\\"utf-8\\\" />\u001b[39m\n\u001b[31m<title>Test</title>\u001b[39m\n\u001b[31m<link rel=\\\"stylesheet\\\" href=\\\"styles.css\\\" type=\\\"text/css\\\" />\u001b[39m\n\u001b[31m</head>\u001b[39m\n\u001b[31m<body>\u001b[39m\n\u001b[31mArtículo 1. Texto inválido.\u001b[39m\n\u001b[31m</body>\u001b[39m\n\u001b[31m</html>\"}\u001b[39m\n    at expect (H:\\LexDigital\\Recursos\\AUTOMATIZAR INDESIGN\\proyecto-lexdigital_modular\\node_modules\\expect\\build\\index.js:113:15)\n    at Object.expect (H:\\LexDigital\\Recursos\\AUTOMATIZAR INDESIGN\\proyecto-lexdigital_modular\\test\\integration\\pipeline.contract-resolver.test.js:328:23)\n    at Promise.then.completed (H:\\LexDigital\\Recursos\\AUTOMATIZAR INDESIGN\\proyecto-lexdigital_modular\\node_modules\\jest-circus\\build\\utils.js:298:28)\n    at new Promise (<anonymous>)\n    at callAsyncCircusFn (H:\\LexDigital\\Recursos\\AUTOMATIZAR INDESIGN\\proyecto-lexdigital_modular\\node_modules\\jest-circus\\build\\utils.js:231:10)\n    at _callCircusTest (H:\\LexDigital\\Recursos\\AUTOMATIZAR INDESIGN\\proyecto-lexdigital_modular\\node_modules\\jest-circus\\build\\run.js:316:40)\n    at _runTest (H:\\LexDigital\\Recursos\\AUTOMATIZAR INDESIGN\\proyecto-lexdigital_modular\\node_modules\\jest-circus\\build\\run.js:252:3)\n    at _runTestsForDescribeBlock (H:\\LexDigital\\Recursos\\AUTOMATIZAR INDESIGN\\proyecto-lexdigital_modular\\node_modules\\jest-circus\\build\\run.js:126:9)\n    at _runTestsForDescribeBlock (H:\\LexDigital\\Recursos\\AUTOMATIZAR INDESIGN\\proyecto-lexdigital_modular\\node_modules\\jest-circus\\build\\run.js:121:9)\n    at run (H:\\LexDigital\\Recursos\\AUTOMATIZAR INDESIGN\\proyecto-lexdigital_modular\\node_modules\\jest-circus\\build\\run.js:71:3)\n    at runAndTransformResultsToJestFormat (H:\\LexDigital\\Recursos\\AUTOMATIZAR INDESIGN\\proyecto-lexdigital_modular\\node_modules\\jest-circus\\build\\legacy-code-todo-rewrite\\jestAdapterInit.js:122:21)\n    at jestAdapter (H:\\LexDigital\\Recursos\\AUTOMATIZAR INDESIGN\\proyecto-lexdigital_modular\\node_modules\\jest-circus\\build\\legacy-code-todo-rewrite\\jestAdapter.js:79:19)\n    at runTestInternal (H:\\LexDigital\\Recursos\\AUTOMATIZAR INDESIGN\\proyecto-lexdigital_modular\\node_modules\\jest-runner\\build\\runTest.js:367:16)\n    at runTest (H:\\LexDigital\\Recursos\\AUTOMATIZAR INDESIGN\\proyecto-lexdigital_modular\\node_modules\\jest-runner\\build\\runTest.js:444:34)"],"fullName":"PIPE-CONTRACT-003-B: Integridad de los nodos 003-B1: rechaza elementos primitivos dentro de \"contenido\"","invocations":1,"location":null,"numPassingAsserts":0,"retryReasons":[],"status":"failed","title":"003-B1: rechaza elementos primitivos dentro de \"contenido\""},{"ancestorTitles":["PIPE-CONTRACT-003-B: Integridad de los nodos"],"duration":1,"failureDetails":[{"message":"\u001b[2mexpect(\u001b[22m\u001b[31mreceived\u001b[39m\u001b[2m).\u001b[22mrejects\u001b[2m.\u001b[22mtoThrow\u001b[2m()\u001b[22m\n\nReceived promise resolved instead of rejected\nResolved to value: \u001b[31m{\"astEnriquecido\": {\"contenido\": [123], \"documento\": {\"titulo\": \"Test\"}, \"tokens\": [123]}, \"jsonOficial\": {\"documento\": {\"titulo\": \"Test\"}, \"tokens\": [123]}, \"metadatos\": {\"nombre\": \"test\", \"tiempoTotal\": 0.08, \"timestamp\": \"2026-08-16T11:05:59.559Z\", \"version\": \"1.0.0\"}, \"xhtml\": \"<?xml version=\\\"1.0\\\" encoding=\\\"UTF-8\\\"?>\u001b[39m\n\u001b[31m<html xmlns=\\\"http://www.w3.org/1999/xhtml\\\" xml:lang=\\\"es\\\" lang=\\\"es\\\">\u001b[39m\n\u001b[31m<head>\u001b[39m\n\u001b[31m<meta charset=\\\"utf-8\\\" />\u001b[39m\n\u001b[31m<title>Test</title>\u001b[39m\n\u001b[31m<link rel=\\\"stylesheet\\\" href=\\\"styles.css\\\" type=\\\"text/css\\\" />\u001b[39m\n\u001b[31m</head>\u001b[39m\n\u001b[31m<body>·\u001b[39m\n\u001b[31m</body>\u001b[39m\n\u001b[31m</html>\"}\u001b[39m"}],"failureMessages":["Error: \u001b[2mexpect(\u001b[22m\u001b[31mreceived\u001b[39m\u001b[2m).\u001b[22mrejects\u001b[2m.\u001b[22mtoThrow\u001b[2m()\u001b[22m\n\nReceived promise resolved instead of rejected\nResolved to value: \u001b[31m{\"astEnriquecido\": {\"contenido\": [123], \"documento\": {\"titulo\": \"Test\"}, \"tokens\": [123]}, \"jsonOficial\": {\"documento\": {\"titulo\": \"Test\"}, \"tokens\": [123]}, \"metadatos\": {\"nombre\": \"test\", \"tiempoTotal\": 0.08, \"timestamp\": \"2026-08-16T11:05:59.559Z\", \"version\": \"1.0.0\"}, \"xhtml\": \"<?xml version=\\\"1.0\\\" encoding=\\\"UTF-8\\\"?>\u001b[39m\n\u001b[31m<html xmlns=\\\"http://www.w3.org/1999/xhtml\\\" xml:lang=\\\"es\\\" lang=\\\"es\\\">\u001b[39m\n\u001b[31m<head>\u001b[39m\n\u001b[31m<meta charset=\\\"utf-8\\\" />\u001b[39m\n\u001b[31m<title>Test</title>\u001b[39m\n\u001b[31m<link rel=\\\"stylesheet\\\" href=\\\"styles.css\\\" type=\\\"text/css\\\" />\u001b[39m\n\u001b[31m</head>\u001b[39m\n\u001b[31m<body>·\u001b[39m\n\u001b[31m</body>\u001b[39m\n\u001b[31m</html>\"}\u001b[39m\n    at expect (H:\\LexDigital\\Recursos\\AUTOMATIZAR INDESIGN\\proyecto-lexdigital_modular\\node_modules\\expect\\build\\index.js:113:15)\n    at Object.expect (H:\\LexDigital\\Recursos\\AUTOMATIZAR INDESIGN\\proyecto-lexdigital_modular\\test\\integration\\pipeline.contract-resolver.test.js:354:23)\n    at Promise.then.completed (H:\\LexDigital\\Recursos\\AUTOMATIZAR INDESIGN\\proyecto-lexdigital_modular\\node_modules\\jest-circus\\build\\utils.js:298:28)\n    at new Promise (<anonymous>)\n    at callAsyncCircusFn (H:\\LexDigital\\Recursos\\AUTOMATIZAR INDESIGN\\proyecto-lexdigital_modular\\node_modules\\jest-circus\\build\\utils.js:231:10)\n    at _callCircusTest (H:\\LexDigital\\Recursos\\AUTOMATIZAR INDESIGN\\proyecto-lexdigital_modular\\node_modules\\jest-circus\\build\\run.js:316:40)\n    at _runTest (H:\\LexDigital\\Recursos\\AUTOMATIZAR INDESIGN\\proyecto-lexdigital_modular\\node_modules\\jest-circus\\build\\run.js:252:3)\n    at _runTestsForDescribeBlock (H:\\LexDigital\\Recursos\\AUTOMATIZAR INDESIGN\\proyecto-lexdigital_modular\\node_modules\\jest-circus\\build\\run.js:126:9)\n    at _runTestsForDescribeBlock (H:\\LexDigital\\Recursos\\AUTOMATIZAR INDESIGN\\proyecto-lexdigital_modular\\node_modules\\jest-circus\\build\\run.js:121:9)\n    at run (H:\\LexDigital\\Recursos\\AUTOMATIZAR INDESIGN\\proyecto-lexdigital_modular\\node_modules\\jest-circus\\build\\run.js:71:3)\n    at runAndTransformResultsToJestFormat (H:\\LexDigital\\Recursos\\AUTOMATIZAR INDESIGN\\proyecto-lexdigital_modular\\node_modules\\jest-circus\\build\\legacy-code-todo-rewrite\\jestAdapterInit.js:122:21)\n    at jestAdapter (H:\\LexDig
[...]
ations":1,"location":null,"numPassingAsserts":2,"retryReasons":[],"status":"passed","title":"G3.2.1.4 — Cada elemento de fragmentos representa un párrafo"},{"ancestorTitles":["G3.2.1 — StructuredDocumentExtractor Contract"],"duration":1,"failureDetails":[],"failureMessages":[],"fullName":"G3.2.1 — StructuredDocumentExtractor Contract G3.2.1.5 — El estilo procede literalmente de appliedParagraphStyle.name","invocations":1,"location":null,"numPassingAsserts":2,"retryReasons":[],"status":"passed","title":"G3.2.1.5 — El estilo procede literalmente de appliedParagraphStyle.name"},{"ancestorTitles":["G3.2.1 — StructuredDocumentExtractor Contract"],"duration":1,"failureDetails":[],"failureMessages":[],"fullName":"G3.2.1 — StructuredDocumentExtractor Contract G3.2.1.6 — Cada párrafo conserva su subarreglo de fragmentos (runs)","invocations":1,"location":null,"numPassingAsserts":2,"retryReasons":[],"status":"passed","title":"G3.2.1.6 — Cada párrafo conserva su subarreglo de fragmentos (runs)"},{"ancestorTitles":["G3.2.1 — StructuredDocumentExtractor Contract"],"duration":0,"failureDetails":[],"failureMessages":[],"fullName":"G3.2.1 — StructuredDocumentExtractor Contract G3.2.1.7 — Cada run conserva contents mapeado a texto","invocations":1,"location":null,"numPassingAsserts":2,"retryReasons":[],"status":"passed","title":"G3.2.1.7 — Cada run conserva contents mapeado a texto"},{"ancestorTitles":["G3.2.1 — StructuredDocumentExtractor Contract"],"duration":1,"failureDetails":[],"failureMessages":[],"fullName":"G3.2.1 — StructuredDocumentExtractor Contract G3.2.1.8 — Cada run conserva appliedCharacterStyleName mapeado a estiloCaracter","invocations":1,"location":null,"numPassingAsserts":2,"retryReasons":[],"status":"passed","title":"G3.2.1.8 — Cada run conserva appliedCharacterStyleName mapeado a estiloCaracter"},{"ancestorTitles":["G3.2.1 — StructuredDocumentExtractor Contract"],"duration":0,"failureDetails":[],"failureMessages":[],"fullName":"G3.2.1 — StructuredDocumentExtractor Contract G3.2.1.9 — Se conserva el caracter de salto de línea \\r tal como lo entrega InDesign","invocations":1,"location":null,"numPassingAsserts":1,"retryReasons":[],"status":"passed","title":"G3.2.1.9 — Se conserva el caracter de salto de línea \\r tal como lo entrega InDesign"},{"ancestorTitles":["G3.2.1 — StructuredDocumentExtractor Contract"],"duration":1,"failureDetails":[],"failureMessages":[],"fullName":"G3.2.1 — StructuredDocumentExtractor Contract G3.2.1.10 — El extractor NO genera la propiedad tipoNodo","invocations":1,"location":null,"numPassingAsserts":1,"retryReasons":[],"status":"passed","title":"G3.2.1.10 — El extractor NO genera la propiedad tipoNodo"},{"ancestorTitles":["G3.2.1 — StructuredDocumentExtractor Contract"],"duration":0,"failureDetails":[],"failureMessages":[],"fullName":"G3.2.1 — StructuredDocumentExtractor Contract G3.2.1.11 — El extractor NO genera la propiedad contenido","invocations":1,"location":null,"numPassingAsserts":1,"retryReasons":[],"status":"passed","title":"G3.2.1.11 — El extractor NO genera la propiedad contenido"},{"ancestorTitles":["G3.2.1 — StructuredDocumentExtractor Contract"],"duration":1,"failureDetails":[],"failureMessages":[],"fullName":"G3.2.1 — StructuredDocumentExtractor Contract G3.2.1.12 — El extractor NO ejecuta ninguna transformación ni validación de E10/Core","invocations":1,"location":null,"numPassingAsserts":2,"retryReasons":[],"status":"passed","title":"G3.2.1.12 — El extractor NO ejecuta ninguna transformación ni validación de E10/Core"}],"endTime":1786878395638,"message":"","name":"H:\\LexDigital\\Recursos\\AUTOMATIZAR INDESIGN\\proyecto-lexdigital_modular\\test\\unit\\uxp\\g3-structured-extractor.test.js","startTime":1786878395426,"status":"passed","summary":""},{"assertionResults":[{"ancestorTitles":["Orquestador Principal: src/index.js","FASE 3.2: Camino Feliz (Happy Path)"],"duration":6,"failureDetails":[],"failureMessages":[],"fullName":"Orquestador Principal: src/index.js FASE 3.2: Camino Feliz (Happy Path) Ejecuta el pipeline completo y retorna la estructura final","invocations":1,"location":null,"numPassingAsserts":6,"retryReasons":[],"status":"passed","title":"Ejecuta el pipeline completo y retorna la estructura final"},{"ancestorTitles":["Orquestador Principal: src/index.js","FASE 3.3: Contratos de Argumentos"],"duration":13,"failureDetails":[],"failureMessages":[],"fullName":"Orquestador Principal: src/index.js FASE 3.3: Contratos de Argumentos Rechaza jsonCrudo nulo o indefinido desde la inicialización","invocations":1,"location":null,"numPassingAsserts":2,"retryReasons":[],"status":"passed","title":"Rechaza jsonCrudo nulo o indefinido desde la inicialización"},{"ancestorTitles":["Orquestador Principal: src/index.js","FASE 3.3: Contratos de Argumentos"],"duration":1,"failureDetails":[],"failureMessages":[],"fullName":"Orquestador Principal: src/index.js FASE 3.3: Contratos de Argumentos Rechaza jsonCrudo si es un array en lugar de un objeto","invocations":1,"location":null,"numPassingAsserts":1,"retryReasons":[],"status":"passed","title":"Rechaza jsonCrudo si es un array en lugar de un objeto"},{"ancestorTitles":["Orquestador Principal: src/index.js","FASE 3.6: Pruebas de validarCompatibilidad()"],"duration":1,"failureDetails":[],"failureMessages":[],"fullName":"Orquestador Principal: src/index.js FASE 3.6: Pruebas de validarCompatibilidad() Retorna un diagnóstico válido (esValido: true) para un JSON correcto","invocations":1,"location":null,"numPassingAsserts":3,"retryReasons":[],"status":"passed","title":"Retorna un diagnóstico válido (esValido: true) para un JSON correcto"},{"ancestorTitles":["Orquestador Principal: src/index.js","FASE 3.6: Pruebas de validarCompatibilidad()"],"duration":0,"failureDetails":[],"failureMessages":[],"fullName":"Orquestador Principal: src/index.js FASE 3.6: Pruebas de validarCompatibilidad() Atrapa errores internamente y retorna esValido: false sin lanzar excepción","invocations":1,"location":null,"numPassingAsserts":3,"retryReasons":[],"status":"passed","title":"Atrapa errores internamente y retorna esValido: false sin lanzar excepción"},{"ancestorTitles":["Orquestador Principal: src/index.js","FASE 3.4 y 3.5: Manejo de Excepciones Severas (catch blocks)"],"duration":0,"failureDetails":[],"failureMessages":[],"fullName":"Orquestador Principal: src/index.js FASE 3.4 y 3.5: Manejo de Excepciones Severas (catch blocks) validarCompatibilidad atrapa excepciones no controladas (línea 782+)","invocations":1,"location":null,"numPassingAsserts":2,"retryReasons":[],"status":"passed","title":"validarCompatibilidad atrapa excepciones no controladas (línea 782+)"},{"ancestorTitles":["Orquestador Principal: src/index.js","FASE 3.4 y 3.5: Manejo de Excepciones Severas (catch blocks)"],"duration":1,"failureDetails":[],"failureMessages":[],"fullName":"Orquestador Principal: src/index.js FASE 3.4 y 3.5: Manejo de Excepciones Severas (catch blocks) compilarLexmotor atrapa errores genéricos y los relanza adecuadamente","invocations":1,"location":null,"numPassingAsserts":1,"retryReasons":[],"status":"passed","title":"compilarLexmotor atrapa errores genéricos y los relanza adecuadamente"}],"endTime":1786878395884,"message":"","name":"H:\\LexDigital\\Recursos\\AUTOMATIZAR INDESIGN\\proyecto-lexdigital_modular\\test\\unit\\index.test.js","startTime":1786878395654,"status":"passed","summary":""},{"assertionResults":[{"ancestorTitles":["E12.1 — Contrato Estructural XHTML y Regresión Semántica"],"duration":2,"failureDetails":[],"failureMessages":[],"fullName":"E12.1 — Contrato Estructural XHTML y Regresión Semántica A. Salida XHTML: Existencia y Tipo","invocations":1,"location":null,"numPassingAsserts":4,"retryReasons":[],"status":"passed","title":"A. Salida XHTML: Existencia y Tipo"},{"ancestorTitles":["E12.1 — Contrato Estructural XHTML y Regresión Semántica"],"duration":3,"failureDetails":[],"failureMessages":[],"fullName":"E12.1 — Contrato Estructural XHTML y Regresión Semántica B & C. Estructura documental y parseabilidad XML","invocations":1,"location":null,"numPassingAsserts":3,"retryReasons":[],"status":"passed","title":"B & C. Estructura documental y parseabilidad XML"},{"ancestorTitles":["E12.1 — Contrato Estructural XHTML y Regresión Semántica"],"duration":1,"failureDetails":[],"failureMessages":[],"fullName":"E12.1 — Contrato Estructural XHTML y Regresión Semántica D. Integridad de Codificación y Caracteres Especiales (UTF-8)","invocations":1,"location":null,"numPassingAsserts":3,"retryReasons":[],"status":"passed","title":"D. Integridad de Codificación y Caracteres Especiales (UTF-8)"},{"ancestorTitles":["E12.1 — Contrato Estructural XHTML y Regresión Semántica"],"duration":1,"failureDetails":[],"failureMessages":[],"fullName":"E12.1 — Contrato Estructural XHTML y Regresión Semántica E. Medición de correspondencia estructural AST (208) → DOM (N)","invocations":1,"location":null,"numPassingAsserts":1,"retryReasons":[],"status":"passed","title":"E. Medición de correspondencia estructural AST (208) → DOM (N)"},{"ancestorTitles":["E12.1 — Contrato Estructural XHTML y Regresión Semántica"],"duration":1,"failureDetails":[],"failureMessages":[],"fullName":"E12.1 — Contrato Estructural XHTML y Regresión Semántica F. Preserva contenido jurídico fundamental","invocations":1,"location":null,"numPassingAsserts":4,"retryReasons":[],"status":"passed","title":"F. Preserva contenido jurídico fundamental"},{"ancestorTitles":["E12.1 — Contrato Estructural XHTML y Regresión Semántica"],"duration":0,"failureDetails":[],"failureMessages":[],"fullName":"E12.1 — Contrato Estructural XHTML y Regresión Semántica G. Ausencia absoluta de artefactos transicionales [VACÍO]","invocations":1,"location":null,"numPassingAsserts":1,"retryReasons":[],"status":"passed","title":"G. Ausencia absoluta de artefactos transicionales [VACÍO]"}],"endTime":1786878396127,"message":"","name":"H:\\LexDigital\\Recursos\\AUTOMATIZAR INDESIGN\\proyecto-lexdigital_modular\\test\\fixtures\\integration\\xhtml-contract-211.test.js","startTime":1786878395887,"status":"passed","summary":""},{"assertionResults":[{"ancestorTitles":["Unidad: reconciliadorFronteras.js — Contrato de Reconciliación Pura e Inmutable"],"duration":5,"failureDetails":[],"failureMessages":[],"fullName":"Unidad: reconciliadorFronteras.js — Contrato de Reconciliación Pura e Inmutable Invariante: No muta el nodo original ni sus objetos hijos de entrada (inmutabilidad estricta)","invocations":1,"location":null,"numPassingAsserts":4,"retryReasons":[],"status":"passed","title":"Invariante: No muta el nodo original ni sus objetos hijos de entrada (inmutabilidad estricta)"},{"ancestorTitles":["Unidad: reconciliadorFronteras.js — Contrato de Reconciliación Pura e Inmutable"],"duration":1,"failureDetails":[],"failureMessages":[],"fullName":"Unidad: reconciliadorFronteras.js — Contrato de Reconciliación Pura e Inmutable Reconciliación de espacio semántico faltante (A + \" \" + B)","invocations":1,"location":null,"numPassingAsserts":4,"retryReasons":[],"status":"passed","title":"Reconciliación de espacio semántico faltante (A + \" \" + B)"},{"ancestorTitles":["Unidad: reconciliadorFronteras.js — Contrato de Reconciliación Pura e Inmutable"],"duration":2,"failureDetails":[],"failureMessages":[],"fullName":"Unidad: reconciliadorFronteras.js — Contrato de Reconciliación Pura e Inmutable Preservación de unión legítima sin espacio (A + B)","invocations":1,"location":null,"numPassingAsserts":4,"retryReasons":[],"status":"passed","title":"Preservación de unión legítima sin espacio (A + B)"},{"ancestorTitles":["Unidad: reconciliadorFronteras.js — Contrato de Reconciliación Pura e Inmutable"],"duration":0,"failureDetails":[],"failureMessages":[],"fullName":"Unidad: reconciliadorFronteras.js — Contrato de Reconciliación Pura e Inmutable Determinismo y robustez ante contenedores con un solo hijo o sin contenido","invocations":1,"location":null,"numPassingAsserts":2,"retryReasons":[],"status":"passed","title":"Determinismo y robustez ante contenedores con un solo hijo o sin contenido"}],"endTime":1786878396328,"message":"","name":"H:\\LexDigital\\Recursos\\AUTOMATIZAR INDESIGN\\proyecto-lexdigital_modular\\test\\unit\\reconciliadorFronteras.test.js","startTime":1786878396133,"status":"passed","summary":""},{"assertionResults":[{"ancestorTitles":["E12.6-C.50.0 — Contrato del Puerto de Transporte del Artefacto"],"duration":1,"failureDetails":[],"failureMessages":[],"fullName":"E12.6-C.50.0 — Contrato del Puerto de Transporte del Artefacto El puerto debe exponer la operación enviar()","invocations":1,"location":null,"numPassingAsserts":1,"retryReasons":[],"status":"passed","title":"El puerto debe exponer la operación enviar()"},{"ancestorTitles":["E12.6-C.50.0 — Contrato del Puerto de Transporte del Artefacto"],"duration":11,"failureDetails":[],"failureMessages":[],"fullName":"E12.6-C.50.0 — Contrato del Puerto de Transporte del Artefacto La implementación abstracta debe rechazar la operación no implementada protegiendo la Invariante T.6","invocations":1,"location":null,"numPassingAsserts":1,"retryReasons":[],"status":"passed","title":"La implementación abstracta debe rechazar la operación no implementada protegiendo la Invariante T.6"},{"ancestorTitles":["E12.6-C.50.0 — Contrato del Puerto de Transporte del Artefacto"],"duration":1,"failureDetails":[],"failureMessages":[],"fullName":"E12.6-C.50.0 — Contrato del Puerto de Transporte del Artefacto El puerto no debe depender de infraestructura de red o IPC (Invariante T.4)","invocations":1,"location":null,"numPassingAsserts":4,"retryReasons":[],"status":"passed","title":"El puerto no debe depender de infraestructura de red o IPC (Invariante T.4)"}],"endTime":1786878396536,"message":"","name":"H:\\LexDigital\\Recursos\\AUTOMATIZAR INDESIGN\\proyecto-lexdigital_modular\\test\\integration\\e12.6-c50-puerto-transporte.test.js","startTime":1786878396332,"status":"passed","summary":""},{"assertionResults":[{"ancestorTitles":["E12.6-C.48.0 — Contrato del Puerto de Persistencia del Artefacto"],"duration":1,"failureDetails":[],"failureMessages":[],"fullName":"E12.6-C.48.0 — Contrato del Puerto de Persistencia del Artefacto El puerto debe exponer la operación guardar()","invocations":1,"location":null,"numPassingAsserts":1,"retryReasons":[],"status":"passed","title":"El puerto debe exponer la operación guardar()"},{"ancestorTitles":["E12.6-C.48.0 — Contrato del Puerto de Persistencia del Artefacto"],"duration":8,"failureDetails":[],"failureMessages":[],"fullName":"E12.6-C.48.0 — Contrato del Puerto de Persistencia del Artefacto La implementación abstracta debe rechazar la operación no implementada","invocations":1,"location":null,"numPassingAsserts":1,"retryReasons":[],"status":"passed","title":"La implementación abstracta debe rechazar la operación no implementada"},{"ancestorTitles":["E12.6-C.48.0 — Contrato del Puerto de Persistencia del Artefacto"],"duration":2,"failureDetails":[],"failureMessages":[],"fullName":"E12.6-C.48.0 — Contrato del Puerto de Persistencia del Artefacto El puerto no debe depender directamente de infraestructura de filesystem","invocations":1,"location":null,"numPassingAsserts":2,"retryReasons":[],"status":"passed","title":"El puerto no debe depender directamente de infraestructura de filesystem"}],"endTime":1786878396734,"message":"","name":"H:\\LexDigital\\Recursos\\AUTOMATIZAR INDESIGN\\proyecto-lexdigital_modular\\test\\integration\\e12.6-c48-puerto-persistencia.test.js","startTime":1786878396540,"status":"passed","summary":""},{"assertionResults":[{"ancestorTitles":["G3.4-T4.1 — CSS Contract Producer Specification"],"duration":2,"failureDetails":[],"failureMessages":[],"fullName":"G3.4-T4.1 — CSS Contract Producer Specification RED: Productor que utiliza originalName (Simula el fallo de adaptadorCSS.js actual)","invocations":1,"location":null,"numPassingAsserts":0,"retryReasons":[],"status":"passed","title":"RED: Productor que utiliza originalName (Simula el fallo de adaptadorCSS.js actual)"},{"ancestorTitles":["G3.4-T4.1 — CSS Contract Producer Specification"],"duration":0,"failureDetails":[],"failureMessages":[],"fullName":"G3.4-T4.1 — CSS Contract Producer Specification RED: Productor que usa className pero omite las propiedades visuales","invocations":1,"location":null,"numPassingAsserts":0,"retryReasons":[],"status":"passed","title":"RED: Productor que usa className pero omite las propiedades visuales"},{"ancestorTitles":["G3.4-T4.1 — CSS Contract Producer Specification"],"duration":0,"failureDetails":[],"failureMessages":[],"fullName":"G3.4-T4.1 — CSS Contract Producer Specification GREEN: Productor Canónico que asigna propiedades al exportTagging.epub.className","invocations":1,"location":null,"numPassingAsserts":0,"retryReasons":[],"status":"passed","title":"GREEN: Productor Canónico que asigna propiedades al exportTagging.epub.className"}],"endTime":1786878396958,"message":"","name":"H:\\LexDigital\\Recursos\\AUTOMATIZAR INDESIGN\\proyecto-lexdigital_modular\\test\\unit\\g3.4-css-producer.contract.test.js","startTime":1786878396749,"status":"passed","summary":""},{"assertionResults":[{"ancestorTitles":["SemanticResolver - Unit Tests","_sanitizeSelector"],"duration":2,"failureDetails":[],"failureMessages":[],"fullName":"SemanticResolver - Unit Tests _sanitizeSelector debe anteponer \"estilo-\" si el selector empieza con número","invocations":1,"location":null,"numPassingAsserts":2,"retryReasons":[],"status":"passed","title":"debe anteponer \"estilo-\" si el selector empieza con número"},{"ancestorTitles":["SemanticResolver - Unit Tests","_sanitizeSelector"],"duration":1,"failureDetails":[],"failureMessages":[],"fullName":"SemanticResolver - Unit Tests _sanitizeSelector debe limpiar caracteres especiales y tildes","invocations":1,"location":null,"numPassingAsserts":2,"retryReasons":[],"status":"passed","title":"debe limpiar caracteres especiales y tildes"},{"ancestorTitles":["SemanticResolver - Unit Tests","resolveStyleName - Precedencia e Invariantes"],"duration":1,"failureDetails":[],"failureMessages":[],"fullName":"SemanticResolver - Unit Tests resolveStyleName - Precedencia e Invariantes Prioridad 1: Perfil (style-map.json) sobre InDesign","invocations":1,"location":null,"numPassingAsserts":2,"retryReasons":[],"status":"passed","title":"Prioridad 1: Perfil (style-map.json) sobre InDesign"},{"ancestorTitles":["SemanticResolver - Unit Tests","resolveStyleName - Precedencia e Invariantes"],"duration":1,"failureDetails":[],"failureMessages":[],"fullName":"SemanticResolver - Unit Tests resolveStyleName - Precedencia e Invariantes Prioridad 2: InDesign exportTagging cuando no hay regla en el Perfil","invocations":1,"location":null,"numPassingAsserts":2,"retryReasons":[],"status":"passed","title":"Prioridad 2: InDesign exportTagging cuando no hay regla en el Perfil"},{"ancestorTitles":["SemanticResolver - Unit Tests","resolveStyleName - Precedencia e Invariantes"],"duration":0,"failureDetails":[],"failureMessages":[],"fullName":"SemanticResolver - Unit Tests resolveStyleName - Precedencia e Invariantes Prioridad 3: Fallback sanitizado","invocations":1,"location":null,"numPassingAsserts":2,"retryReasons":[],"status":"passed","title":"Prioridad 3: Fallback sanitizado"},{"ancestorTitles":["SemanticResolver - Unit Tests","resolveStyleName - Precedencia e Invariantes"],"duration":1,"failureDetails":[],"failureMessages":[],"fullName":"SemanticResolver - Unit Tests resolveStyleName - Precedencia e Invariantes Invariante [Ninguno] / None: resolvedTag = null y resolvedClass = null","invocations":1,"location":null,"numPassingAsserts":1,"retryReasons":[],"status":"passed","title":"Invariante [Ninguno] / None: resolvedTag = null y resolvedClass = null"}],"endTime":1786878397177,"message":"","name":"H:\\LexDigital\\Recursos\\AUTOMATIZAR INDESIGN\\proyecto-lexdigital_modular\\src\\adaptadores\\SemanticResolver.test.js","startTime":1786878396963,"status":"passed","summary":""}],"wasInterrupted":false}
